#
# There is insufficient memory for the Java Runtime Environment to continue.
# Native memory allocation (mmap) failed to map 15839789056 bytes for committing reserved memory.
# Possible reasons:
#   The system is out of physical RAM or swap space
#   The process is running with CompressedOops enabled, and the Java Heap may be blocking the growth of the native heap
# Possible solutions:
#   Reduce memory load on the system
#   Increase physical memory or swap space
#   Check if swap backing store is full
#   Decrease Java heap size (-Xmx/-Xms)
#   Decrease number of Java threads
#   Decrease Java thread stack sizes (-Xss)
#   Set larger code cache with -XX:ReservedCodeCacheSize=
#   JVM is running with Zero Based Compressed Oops mode in which the Java heap is
#     placed in the first 32GB address space. The Java Heap base address is the
#     maximum limit for the native heap growth. Please use -XX:HeapBaseMinAddress
#     to set the Java Heap base and to place the Java Heap above 32GB virtual address.
# This output file may be truncated or incomplete.
#
#  Out of Memory Error (os_linux.cpp:2659), pid=22563, tid=22570
#
# JRE version: OpenJDK Runtime Environment (12.0+33) (build 12+33)
# Java VM: OpenJDK 64-Bit Server VM (12+33, mixed mode, sharing, tiered, compressed oops, g1 gc, linux-amd64)
# Core dump will be written. Default location: Core dumps may be processed with "/usr/share/apport/apport %p %s %c %d %P" (or dumping to /home/kongra/Devel/Projects/Present/SAN/2015 letni (Spring) - 2018 zimowy (Fall)/TP-Fall-2018-2019/core.22563)
#

---------------  S U M M A R Y ------------

Command Line: -Xmx15G Test

Host: Intel(R) Core(TM) i7-5500U CPU @ 2.40GHz, 4 cores, 15G, Linux Mint 19.1 Tessa
Time: Wed Mar 20 13:41:51 2019 CET elapsed time: 0 seconds (0d 0h 0m 0s)

---------------  T H R E A D  ---------------

Current thread (0x00007ff53c1d4000):  VMThread "VM Thread" [stack: 0x00007ff4f1178000,0x00007ff4f1278000] [id=22570]

Stack: [0x00007ff4f1178000,0x00007ff4f1278000],  sp=0x00007ff4f1276310,  free space=1016k
Native frames: (J=compiled Java code, A=aot compiled Java code, j=interpreted, Vv=VM code, C=native code)
V  [libjvm.so+0xe43500]  VMError::report_and_die(int, char const*, char const*, __va_list_tag*, Thread*, unsigned char*, void*, void*, char const*, int, unsigned long)+0x310
V  [libjvm.so+0xe440cb]  VMError::report_and_die(Thread*, char const*, int, unsigned long, VMErrorType, char const*, __va_list_tag*)+0x2b
V  [libjvm.so+0x65d9e5]  report_vm_out_of_memory(char const*, int, unsigned long, VMErrorType, char const*, ...)+0xd5
V  [libjvm.so+0xbf8458]  os::pd_commit_memory_or_exit(char*, unsigned long, unsigned long, bool, char const*)+0x108
V  [libjvm.so+0xbefc3d]  os::commit_memory_or_exit(char*, unsigned long, unsigned long, bool, char const*)+0x1d
V  [libjvm.so+0x787a4c]  G1PageBasedVirtualSpace::commit_preferred_pages(unsigned long, unsigned long)+0x6c
V  [libjvm.so+0x787de4]  G1PageBasedVirtualSpace::commit(unsigned long, unsigned long)+0x154
V  [libjvm.so+0x795bb0]  G1RegionsLargerThanCommitSizeMapper::commit_regions(unsigned int, unsigned long, WorkGang*)+0x40
V  [libjvm.so+0x816d00]  HeapRegionManager::commit_regions(unsigned int, unsigned long, WorkGang*)+0x80
V  [libjvm.so+0x817a6f]  HeapRegionManager::make_regions_available(unsigned int, unsigned int, WorkGang*)+0x3f
V  [libjvm.so+0x817ff9]  HeapRegionManager::expand_at(unsigned int, unsigned int, WorkGang*)+0x119
V  [libjvm.so+0x73c440]  G1CollectedHeap::expand(unsigned long, WorkGang*, double*)+0xe0
V  [libjvm.so+0x73e111]  G1CollectedHeap::expand_and_allocate(unsigned long)+0x51
V  [libjvm.so+0x73e463]  G1CollectedHeap::satisfy_failed_allocation(unsigned long, bool*)+0xe3
V  [libjvm.so+0x7a95e4]  VM_G1CollectForAllocation::doit()+0x1d4
V  [libjvm.so+0xe45ae7]  VM_Operation::evaluate()+0xe7
V  [libjvm.so+0xe4b98f]  VMThread::evaluate_operation(VM_Operation*) [clone .constprop.63]+0xff
V  [libjvm.so+0xe4bed1]  VMThread::loop()+0x3f1
V  [libjvm.so+0xe4c303]  VMThread::run()+0x73
V  [libjvm.so+0xdd1a1f]  Thread::call_run()+0x16f
V  [libjvm.so+0xbfe18e]  thread_native_entry(Thread*)+0xee

VM_Operation (0x00007ff543410790): G1CollectForAllocation, mode: safepoint, requested by thread 0x00007ff53c012000


---------------  P R O C E S S  ---------------

Threads class SMR info:
_java_thread_list=0x00007ff53c232950, length=9, elements={
0x00007ff53c012000, 0x00007ff53c1d7000, 0x00007ff53c1d9000, 0x00007ff53c1de800,
0x00007ff53c1e0800, 0x00007ff53c1e2800, 0x00007ff53c1e4800, 0x00007ff53c22c000,
0x00007ff53c231000
}

Java Threads: ( => current thread )
  0x00007ff53c012000 JavaThread "main" [_thread_blocked, id=22564, stack(0x00007ff543311000,0x00007ff543412000)]
  0x00007ff53c1d7000 JavaThread "Reference Handler" daemon [_thread_blocked, id=22571, stack(0x00007ff4f1075000,0x00007ff4f1176000)]
  0x00007ff53c1d9000 JavaThread "Finalizer" daemon [_thread_blocked, id=22572, stack(0x00007ff4f0f74000,0x00007ff4f1075000)]
  0x00007ff53c1de800 JavaThread "Signal Dispatcher" daemon [_thread_blocked, id=22573, stack(0x00007ff4f0a64000,0x00007ff4f0b65000)]
  0x00007ff53c1e0800 JavaThread "C2 CompilerThread0" daemon [_thread_blocked, id=22574, stack(0x00007ff4f0963000,0x00007ff4f0a64000)]
  0x00007ff53c1e2800 JavaThread "C1 CompilerThread0" daemon [_thread_blocked, id=22575, stack(0x00007ff4f0862000,0x00007ff4f0963000)]
  0x00007ff53c1e4800 JavaThread "Sweeper thread" daemon [_thread_blocked, id=22576, stack(0x00007ff4f0761000,0x00007ff4f0862000)]
  0x00007ff53c22c000 JavaThread "Service Thread" daemon [_thread_blocked, id=22577, stack(0x00007ff4f0660000,0x00007ff4f0761000)]
  0x00007ff53c231000 JavaThread "Common-Cleaner" daemon [_thread_blocked, id=22579, stack(0x00007ff4f045d000,0x00007ff4f055e000)]

Other Threads:
=>0x00007ff53c1d4000 VMThread "VM Thread" [stack: 0x00007ff4f1178000,0x00007ff4f1278000] [id=22570]
  0x00007ff53c22e800 WatcherThread [stack: 0x00007ff4f0560000,0x00007ff4f0660000] [id=22578]
  0x00007ff53c085000 GCTaskThread "GC Thread#0" [stack: 0x00007ff50036a000,0x00007ff50046a000] [id=22565]
  0x00007ff4e8001000 GCTaskThread "GC Thread#1" [stack: 0x00007ff4c3f00000,0x00007ff4c4000000] [id=22580]
  0x00007ff4e8002800 GCTaskThread "GC Thread#2" [stack: 0x00007ff4c3dfe000,0x00007ff4c3efe000] [id=22581]
  0x00007ff4e8004000 GCTaskThread "GC Thread#3" [stack: 0x00007ff4c3cfc000,0x00007ff4c3dfc000] [id=22582]
  0x00007ff53c0b4000 ConcurrentGCThread "G1 Main Marker" [stack: 0x00007ff500268000,0x00007ff500368000] [id=22566]
  0x00007ff53c0b6000 ConcurrentGCThread "G1 Conc#0" [stack: 0x00007ff500166000,0x00007ff500266000] [id=22567]
  0x00007ff53c185800 ConcurrentGCThread "G1 Refine#0" [stack: 0x00007ff4f1bfd000,0x00007ff4f1cfd000] [id=22568]
  0x00007ff53c187000 ConcurrentGCThread "G1 Young RemSet Sampling" [stack: 0x00007ff4f1afb000,0x00007ff4f1bfb000] [id=22569]

Threads with active compile tasks:

VM state:at safepoint (normal execution)

VM Mutex/Monitor currently owned by a thread:  ([mutex/lock_event])
[0x00007ff53c00e200] Threads_lock - owner thread: 0x00007ff53c1d4000
[0x00007ff53c00e9e0] Heap_lock - owner thread: 0x00007ff53c012000

Heap address: 0x0000000440000000, size: 15360 MB, Compressed Oops mode: Zero based, Oop shift amount: 3
Narrow klass base: 0x0000000800000000, Narrow klass shift: 3
Compressed class space size: 1073741824 Address: 0x0000000801125000

Heap:
 garbage-first heap   total 15728640K, used 2025K [0x0000000440000000, 0x0000000800000000)
  region size 2048K, 1 young (2048K), 1 survivors (2048K)
 Metaspace       used 209K, capacity 4486K, committed 4864K, reserved 1056768K
  class space    used 9K, capacity 386K, committed 512K, reserved 1048576K
Heap Regions: E=young(eden), S=young(survivor), O=old, HS=humongous(starts), HC=humongous(continues), CS=collection set, F=free, A=archive, TAMS=top-at-mark-start (previous, next)
|   0|0x0000000440000000, 0x0000000440000000, 0x0000000440200000|  0%| F|  |TAMS 0x0000000440000000, 0x0000000440000000| Untracked 
|   1|0x0000000440200000, 0x0000000440200000, 0x0000000440400000|  0%| F|  |TAMS 0x0000000440200000, 0x0000000440200000| Untracked 
|   2|0x0000000440400000, 0x0000000440400000, 0x0000000440600000|  0%| F|  |TAMS 0x0000000440400000, 0x0000000440400000| Untracked 
|   3|0x0000000440600000, 0x0000000440600000, 0x0000000440800000|  0%| F|  |TAMS 0x0000000440600000, 0x0000000440600000| Untracked 
|   4|0x0000000440800000, 0x0000000440800000, 0x0000000440a00000|  0%| F|  |TAMS 0x0000000440800000, 0x0000000440800000| Untracked 
|   5|0x0000000440a00000, 0x0000000440a00000, 0x0000000440c00000|  0%| F|  |TAMS 0x0000000440a00000, 0x0000000440a00000| Untracked 
|   6|0x0000000440c00000, 0x0000000440c00000, 0x0000000440e00000|  0%| F|  |TAMS 0x0000000440c00000, 0x0000000440c00000| Untracked 
|   7|0x0000000440e00000, 0x0000000440e00000, 0x0000000441000000|  0%| F|  |TAMS 0x0000000440e00000, 0x0000000440e00000| Untracked 
|   8|0x0000000441000000, 0x0000000441000000, 0x0000000441200000|  0%| F|  |TAMS 0x0000000441000000, 0x0000000441000000| Untracked 
|   9|0x0000000441200000, 0x0000000441200000, 0x0000000441400000|  0%| F|  |TAMS 0x0000000441200000, 0x0000000441200000| Untracked 
|  10|0x0000000441400000, 0x0000000441400000, 0x0000000441600000|  0%| F|  |TAMS 0x0000000441400000, 0x0000000441400000| Untracked 
|  11|0x0000000441600000, 0x0000000441600000, 0x0000000441800000|  0%| F|  |TAMS 0x0000000441600000, 0x0000000441600000| Untracked 
|  12|0x0000000441800000, 0x0000000441800000, 0x0000000441a00000|  0%| F|  |TAMS 0x0000000441800000, 0x0000000441800000| Untracked 
|  13|0x0000000441a00000, 0x0000000441a00000, 0x0000000441c00000|  0%| F|  |TAMS 0x0000000441a00000, 0x0000000441a00000| Untracked 
|  14|0x0000000441c00000, 0x0000000441c00000, 0x0000000441e00000|  0%| F|  |TAMS 0x0000000441c00000, 0x0000000441c00000| Untracked 
|  15|0x0000000441e00000, 0x0000000441e00000, 0x0000000442000000|  0%| F|  |TAMS 0x0000000441e00000, 0x0000000441e00000| Untracked 
|  16|0x0000000442000000, 0x0000000442000000, 0x0000000442200000|  0%| F|  |TAMS 0x0000000442000000, 0x0000000442000000| Untracked 
|  17|0x0000000442200000, 0x0000000442200000, 0x0000000442400000|  0%| F|  |TAMS 0x0000000442200000, 0x0000000442200000| Untracked 
|  18|0x0000000442400000, 0x0000000442400000, 0x0000000442600000|  0%| F|  |TAMS 0x0000000442400000, 0x0000000442400000| Untracked 
|  19|0x0000000442600000, 0x0000000442600000, 0x0000000442800000|  0%| F|  |TAMS 0x0000000442600000, 0x0000000442600000| Untracked 
|  20|0x0000000442800000, 0x0000000442800000, 0x0000000442a00000|  0%| F|  |TAMS 0x0000000442800000, 0x0000000442800000| Untracked 
|  21|0x0000000442a00000, 0x0000000442a00000, 0x0000000442c00000|  0%| F|  |TAMS 0x0000000442a00000, 0x0000000442a00000| Untracked 
|  22|0x0000000442c00000, 0x0000000442c00000, 0x0000000442e00000|  0%| F|  |TAMS 0x0000000442c00000, 0x0000000442c00000| Untracked 
|  23|0x0000000442e00000, 0x0000000442e00000, 0x0000000443000000|  0%| F|  |TAMS 0x0000000442e00000, 0x0000000442e00000| Untracked 
|  24|0x0000000443000000, 0x0000000443000000, 0x0000000443200000|  0%| F|  |TAMS 0x0000000443000000, 0x0000000443000000| Untracked 
|  25|0x0000000443200000, 0x0000000443200000, 0x0000000443400000|  0%| F|  |TAMS 0x0000000443200000, 0x0000000443200000| Untracked 
|  26|0x0000000443400000, 0x0000000443400000, 0x0000000443600000|  0%| F|  |TAMS 0x0000000443400000, 0x0000000443400000| Untracked 
|  27|0x0000000443600000, 0x0000000443600000, 0x0000000443800000|  0%| F|  |TAMS 0x0000000443600000, 0x0000000443600000| Untracked 
|  28|0x0000000443800000, 0x0000000443800000, 0x0000000443a00000|  0%| F|  |TAMS 0x0000000443800000, 0x0000000443800000| Untracked 
|  29|0x0000000443a00000, 0x0000000443a00000, 0x0000000443c00000|  0%| F|  |TAMS 0x0000000443a00000, 0x0000000443a00000| Untracked 
|  30|0x0000000443c00000, 0x0000000443c00000, 0x0000000443e00000|  0%| F|  |TAMS 0x0000000443c00000, 0x0000000443c00000| Untracked 
|  31|0x0000000443e00000, 0x0000000443e00000, 0x0000000444000000|  0%| F|  |TAMS 0x0000000443e00000, 0x0000000443e00000| Untracked 
|  32|0x0000000444000000, 0x0000000444000000, 0x0000000444200000|  0%| F|  |TAMS 0x0000000444000000, 0x0000000444000000| Untracked 
|  33|0x0000000444200000, 0x0000000444200000, 0x0000000444400000|  0%| F|  |TAMS 0x0000000444200000, 0x0000000444200000| Untracked 
|  34|0x0000000444400000, 0x0000000444400000, 0x0000000444600000|  0%| F|  |TAMS 0x0000000444400000, 0x0000000444400000| Untracked 
|  35|0x0000000444600000, 0x0000000444600000, 0x0000000444800000|  0%| F|  |TAMS 0x0000000444600000, 0x0000000444600000| Untracked 
|  36|0x0000000444800000, 0x0000000444800000, 0x0000000444a00000|  0%| F|  |TAMS 0x0000000444800000, 0x0000000444800000| Untracked 
|  37|0x0000000444a00000, 0x0000000444a00000, 0x0000000444c00000|  0%| F|  |TAMS 0x0000000444a00000, 0x0000000444a00000| Untracked 
|  38|0x0000000444c00000, 0x0000000444c00000, 0x0000000444e00000|  0%| F|  |TAMS 0x0000000444c00000, 0x0000000444c00000| Untracked 
|  39|0x0000000444e00000, 0x0000000444e00000, 0x0000000445000000|  0%| F|  |TAMS 0x0000000444e00000, 0x0000000444e00000| Untracked 
|  40|0x0000000445000000, 0x0000000445000000, 0x0000000445200000|  0%| F|  |TAMS 0x0000000445000000, 0x0000000445000000| Untracked 
|  41|0x0000000445200000, 0x0000000445200000, 0x0000000445400000|  0%| F|  |TAMS 0x0000000445200000, 0x0000000445200000| Untracked 
|  42|0x0000000445400000, 0x0000000445400000, 0x0000000445600000|  0%| F|  |TAMS 0x0000000445400000, 0x0000000445400000| Untracked 
|  43|0x0000000445600000, 0x0000000445600000, 0x0000000445800000|  0%| F|  |TAMS 0x0000000445600000, 0x0000000445600000| Untracked 
|  44|0x0000000445800000, 0x0000000445800000, 0x0000000445a00000|  0%| F|  |TAMS 0x0000000445800000, 0x0000000445800000| Untracked 
|  45|0x0000000445a00000, 0x0000000445a00000, 0x0000000445c00000|  0%| F|  |TAMS 0x0000000445a00000, 0x0000000445a00000| Untracked 
|  46|0x0000000445c00000, 0x0000000445c00000, 0x0000000445e00000|  0%| F|  |TAMS 0x0000000445c00000, 0x0000000445c00000| Untracked 
|  47|0x0000000445e00000, 0x0000000445e00000, 0x0000000446000000|  0%| F|  |TAMS 0x0000000445e00000, 0x0000000445e00000| Untracked 
|  48|0x0000000446000000, 0x0000000446000000, 0x0000000446200000|  0%| F|  |TAMS 0x0000000446000000, 0x0000000446000000| Untracked 
|  49|0x0000000446200000, 0x0000000446200000, 0x0000000446400000|  0%| F|  |TAMS 0x0000000446200000, 0x0000000446200000| Untracked 
|  50|0x0000000446400000, 0x0000000446400000, 0x0000000446600000|  0%| F|  |TAMS 0x0000000446400000, 0x0000000446400000| Untracked 
|  51|0x0000000446600000, 0x0000000446600000, 0x0000000446800000|  0%| F|  |TAMS 0x0000000446600000, 0x0000000446600000| Untracked 
|  52|0x0000000446800000, 0x0000000446800000, 0x0000000446a00000|  0%| F|  |TAMS 0x0000000446800000, 0x0000000446800000| Untracked 
|  53|0x0000000446a00000, 0x0000000446a00000, 0x0000000446c00000|  0%| F|  |TAMS 0x0000000446a00000, 0x0000000446a00000| Untracked 
|  54|0x0000000446c00000, 0x0000000446c00000, 0x0000000446e00000|  0%| F|  |TAMS 0x0000000446c00000, 0x0000000446c00000| Untracked 
|  55|0x0000000446e00000, 0x0000000446e00000, 0x0000000447000000|  0%| F|  |TAMS 0x0000000446e00000, 0x0000000446e00000| Untracked 
|  56|0x0000000447000000, 0x0000000447000000, 0x0000000447200000|  0%| F|  |TAMS 0x0000000447000000, 0x0000000447000000| Untracked 
|  57|0x0000000447200000, 0x0000000447200000, 0x0000000447400000|  0%| F|  |TAMS 0x0000000447200000, 0x0000000447200000| Untracked 
|  58|0x0000000447400000, 0x0000000447400000, 0x0000000447600000|  0%| F|  |TAMS 0x0000000447400000, 0x0000000447400000| Untracked 
|  59|0x0000000447600000, 0x0000000447600000, 0x0000000447800000|  0%| F|  |TAMS 0x0000000447600000, 0x0000000447600000| Untracked 
|  60|0x0000000447800000, 0x0000000447800000, 0x0000000447a00000|  0%| F|  |TAMS 0x0000000447800000, 0x0000000447800000| Untracked 
|  61|0x0000000447a00000, 0x0000000447a00000, 0x0000000447c00000|  0%| F|  |TAMS 0x0000000447a00000, 0x0000000447a00000| Untracked 
|  62|0x0000000447c00000, 0x0000000447c00000, 0x0000000447e00000|  0%| F|  |TAMS 0x0000000447c00000, 0x0000000447c00000| Untracked 
|  63|0x0000000447e00000, 0x0000000447e00000, 0x0000000448000000|  0%| F|  |TAMS 0x0000000447e00000, 0x0000000447e00000| Untracked 
|  64|0x0000000448000000, 0x0000000448000000, 0x0000000448200000|  0%| F|  |TAMS 0x0000000448000000, 0x0000000448000000| Untracked 
|  65|0x0000000448200000, 0x0000000448200000, 0x0000000448400000|  0%| F|  |TAMS 0x0000000448200000, 0x0000000448200000| Untracked 
|  66|0x0000000448400000, 0x0000000448400000, 0x0000000448600000|  0%| F|  |TAMS 0x0000000448400000, 0x0000000448400000| Untracked 
|  67|0x0000000448600000, 0x0000000448600000, 0x0000000448800000|  0%| F|  |TAMS 0x0000000448600000, 0x0000000448600000| Untracked 
|  68|0x0000000448800000, 0x0000000448800000, 0x0000000448a00000|  0%| F|  |TAMS 0x0000000448800000, 0x0000000448800000| Untracked 
|  69|0x0000000448a00000, 0x0000000448a00000, 0x0000000448c00000|  0%| F|  |TAMS 0x0000000448a00000, 0x0000000448a00000| Untracked 
|  70|0x0000000448c00000, 0x0000000448c00000, 0x0000000448e00000|  0%| F|  |TAMS 0x0000000448c00000, 0x0000000448c00000| Untracked 
|  71|0x0000000448e00000, 0x0000000448e00000, 0x0000000449000000|  0%| F|  |TAMS 0x0000000448e00000, 0x0000000448e00000| Untracked 
|  72|0x0000000449000000, 0x0000000449000000, 0x0000000449200000|  0%| F|  |TAMS 0x0000000449000000, 0x0000000449000000| Untracked 
|  73|0x0000000449200000, 0x0000000449200000, 0x0000000449400000|  0%| F|  |TAMS 0x0000000449200000, 0x0000000449200000| Untracked 
|  74|0x0000000449400000, 0x0000000449400000, 0x0000000449600000|  0%| F|  |TAMS 0x0000000449400000, 0x0000000449400000| Untracked 
|  75|0x0000000449600000, 0x0000000449600000, 0x0000000449800000|  0%| F|  |TAMS 0x0000000449600000, 0x0000000449600000| Untracked 
|  76|0x0000000449800000, 0x0000000449800000, 0x0000000449a00000|  0%| F|  |TAMS 0x0000000449800000, 0x0000000449800000| Untracked 
|  77|0x0000000449a00000, 0x0000000449a00000, 0x0000000449c00000|  0%| F|  |TAMS 0x0000000449a00000, 0x0000000449a00000| Untracked 
|  78|0x0000000449c00000, 0x0000000449c00000, 0x0000000449e00000|  0%| F|  |TAMS 0x0000000449c00000, 0x0000000449c00000| Untracked 
|  79|0x0000000449e00000, 0x0000000449e00000, 0x000000044a000000|  0%| F|  |TAMS 0x0000000449e00000, 0x0000000449e00000| Untracked 
|  80|0x000000044a000000, 0x000000044a000000, 0x000000044a200000|  0%| F|  |TAMS 0x000000044a000000, 0x000000044a000000| Untracked 
|  81|0x000000044a200000, 0x000000044a200000, 0x000000044a400000|  0%| F|  |TAMS 0x000000044a200000, 0x000000044a200000| Untracked 
|  82|0x000000044a400000, 0x000000044a400000, 0x000000044a600000|  0%| F|  |TAMS 0x000000044a400000, 0x000000044a400000| Untracked 
|  83|0x000000044a600000, 0x000000044a600000, 0x000000044a800000|  0%| F|  |TAMS 0x000000044a600000, 0x000000044a600000| Untracked 
|  84|0x000000044a800000, 0x000000044a800000, 0x000000044aa00000|  0%| F|  |TAMS 0x000000044a800000, 0x000000044a800000| Untracked 
|  85|0x000000044aa00000, 0x000000044aa00000, 0x000000044ac00000|  0%| F|  |TAMS 0x000000044aa00000, 0x000000044aa00000| Untracked 
|  86|0x000000044ac00000, 0x000000044ac00000, 0x000000044ae00000|  0%| F|  |TAMS 0x000000044ac00000, 0x000000044ac00000| Untracked 
|  87|0x000000044ae00000, 0x000000044ae00000, 0x000000044b000000|  0%| F|  |TAMS 0x000000044ae00000, 0x000000044ae00000| Untracked 
|  88|0x000000044b000000, 0x000000044b000000, 0x000000044b200000|  0%| F|  |TAMS 0x000000044b000000, 0x000000044b000000| Untracked 
|  89|0x000000044b200000, 0x000000044b200000, 0x000000044b400000|  0%| F|  |TAMS 0x000000044b200000, 0x000000044b200000| Untracked 
|  90|0x000000044b400000, 0x000000044b400000, 0x000000044b600000|  0%| F|  |TAMS 0x000000044b400000, 0x000000044b400000| Untracked 
|  91|0x000000044b600000, 0x000000044b600000, 0x000000044b800000|  0%| F|  |TAMS 0x000000044b600000, 0x000000044b600000| Untracked 
|  92|0x000000044b800000, 0x000000044b800000, 0x000000044ba00000|  0%| F|  |TAMS 0x000000044b800000, 0x000000044b800000| Untracked 
|  93|0x000000044ba00000, 0x000000044ba00000, 0x000000044bc00000|  0%| F|  |TAMS 0x000000044ba00000, 0x000000044ba00000| Untracked 
|  94|0x000000044bc00000, 0x000000044bc00000, 0x000000044be00000|  0%| F|  |TAMS 0x000000044bc00000, 0x000000044bc00000| Untracked 
|  95|0x000000044be00000, 0x000000044be00000, 0x000000044c000000|  0%| F|  |TAMS 0x000000044be00000, 0x000000044be00000| Untracked 
|  96|0x000000044c000000, 0x000000044c000000, 0x000000044c200000|  0%| F|  |TAMS 0x000000044c000000, 0x000000044c000000| Untracked 
|  97|0x000000044c200000, 0x000000044c200000, 0x000000044c400000|  0%| F|  |TAMS 0x000000044c200000, 0x000000044c200000| Untracked 
|  98|0x000000044c400000, 0x000000044c400000, 0x000000044c600000|  0%| F|  |TAMS 0x000000044c400000, 0x000000044c400000| Untracked 
|  99|0x000000044c600000, 0x000000044c600000, 0x000000044c800000|  0%| F|  |TAMS 0x000000044c600000, 0x000000044c600000| Untracked 
| 100|0x000000044c800000, 0x000000044c800000, 0x000000044ca00000|  0%| F|  |TAMS 0x000000044c800000, 0x000000044c800000| Untracked 
| 101|0x000000044ca00000, 0x000000044ca00000, 0x000000044cc00000|  0%| F|  |TAMS 0x000000044ca00000, 0x000000044ca00000| Untracked 
| 102|0x000000044cc00000, 0x000000044cc00000, 0x000000044ce00000|  0%| F|  |TAMS 0x000000044cc00000, 0x000000044cc00000| Untracked 
| 103|0x000000044ce00000, 0x000000044ce00000, 0x000000044d000000|  0%| F|  |TAMS 0x000000044ce00000, 0x000000044ce00000| Untracked 
| 104|0x000000044d000000, 0x000000044d000000, 0x000000044d200000|  0%| F|  |TAMS 0x000000044d000000, 0x000000044d000000| Untracked 
| 105|0x000000044d200000, 0x000000044d200000, 0x000000044d400000|  0%| F|  |TAMS 0x000000044d200000, 0x000000044d200000| Untracked 
| 106|0x000000044d400000, 0x000000044d400000, 0x000000044d600000|  0%| F|  |TAMS 0x000000044d400000, 0x000000044d400000| Untracked 
| 107|0x000000044d600000, 0x000000044d600000, 0x000000044d800000|  0%| F|  |TAMS 0x000000044d600000, 0x000000044d600000| Untracked 
| 108|0x000000044d800000, 0x000000044d800000, 0x000000044da00000|  0%| F|  |TAMS 0x000000044d800000, 0x000000044d800000| Untracked 
| 109|0x000000044da00000, 0x000000044da00000, 0x000000044dc00000|  0%| F|  |TAMS 0x000000044da00000, 0x000000044da00000| Untracked 
| 110|0x000000044dc00000, 0x000000044dc00000, 0x000000044de00000|  0%| F|  |TAMS 0x000000044dc00000, 0x000000044dc00000| Untracked 
| 111|0x000000044de00000, 0x000000044de00000, 0x000000044e000000|  0%| F|  |TAMS 0x000000044de00000, 0x000000044de00000| Untracked 
| 112|0x000000044e000000, 0x000000044e000000, 0x000000044e200000|  0%| F|  |TAMS 0x000000044e000000, 0x000000044e000000| Untracked 
| 113|0x000000044e200000, 0x000000044e200000, 0x000000044e400000|  0%| F|  |TAMS 0x000000044e200000, 0x000000044e200000| Untracked 
| 114|0x000000044e400000, 0x000000044e400000, 0x000000044e600000|  0%| F|  |TAMS 0x000000044e400000, 0x000000044e400000| Untracked 
| 115|0x000000044e600000, 0x000000044e600000, 0x000000044e800000|  0%| F|  |TAMS 0x000000044e600000, 0x000000044e600000| Untracked 
| 116|0x000000044e800000, 0x000000044e800000, 0x000000044ea00000|  0%| F|  |TAMS 0x000000044e800000, 0x000000044e800000| Untracked 
| 117|0x000000044ea00000, 0x000000044ea00000, 0x000000044ec00000|  0%| F|  |TAMS 0x000000044ea00000, 0x000000044ea00000| Untracked 
| 118|0x000000044ec00000, 0x000000044ec00000, 0x000000044ee00000|  0%| F|  |TAMS 0x000000044ec00000, 0x000000044ec00000| Untracked 
| 119|0x000000044ee00000, 0x000000044ee00000, 0x000000044f000000|  0%| F|  |TAMS 0x000000044ee00000, 0x000000044ee00000| Untracked 
| 120|0x000000044f000000, 0x000000044f000000, 0x000000044f200000|  0%| F|  |TAMS 0x000000044f000000, 0x000000044f000000| Untracked 
| 121|0x000000044f200000, 0x000000044f200000, 0x000000044f400000|  0%| F|  |TAMS 0x000000044f200000, 0x000000044f200000| Untracked 
| 122|0x000000044f400000, 0x000000044f400000, 0x000000044f600000|  0%| F|  |TAMS 0x000000044f400000, 0x000000044f400000| Untracked 
| 123|0x000000044f600000, 0x000000044f600000, 0x000000044f800000|  0%| F|  |TAMS 0x000000044f600000, 0x000000044f600000| Untracked 
| 124|0x000000044f800000, 0x000000044f8417a0, 0x000000044fa00000| 12%| S|CS|TAMS 0x000000044f800000, 0x000000044f800000| Complete 
|7678|0x00000007ffc00000, 0x00000007ffd47000, 0x00000007ffe00000| 63%|OA|  |TAMS 0x00000007ffc00000, 0x00000007ffd47000| Untracked 
|7679|0x00000007ffe00000, 0x00000007ffe72000, 0x0000000800000000| 22%|CA|  |TAMS 0x00000007ffe00000, 0x00000007ffe72000| Untracked 

Card table byte_map: [0x00007ff52036a000,0x00007ff52216a000] _byte_map_base: 0x00007ff51e16a000

Marking Bits (Prev, Next): (CMBitMap*) 0x00007ff53c086568, (CMBitMap*) 0x00007ff53c0865a8
 Prev Bits: [0x00007ff50f56a000, 0x00007ff51e56a000)
 Next Bits: [0x00007ff50056a000, 0x00007ff50f56a000)

Polling page: 0x00007ff54342e000

Metaspace:

Usage:
  Non-class:      4,00 MB capacity,   199,46 KB (  5%) used,     3,81 MB ( 95%) free+waste,   128 bytes ( <1%) overhead. 
      Class:    386,00 KB capacity,     9,77 KB (  3%) used,   376,11 KB ( 97%) free+waste,   128 bytes ( <1%) overhead. 
       Both:      4,38 MB capacity,   209,23 KB (  5%) used,     4,18 MB ( 95%) free+waste,   256 bytes ( <1%) overhead. 

Virtual space:
  Non-class space:        8,00 MB reserved,       4,25 MB ( 53%) committed 
      Class space:        1,00 GB reserved,     512,00 KB ( <1%) committed 
             Both:        1,01 GB reserved,       4,75 MB ( <1%) committed 

Chunk freelists:
   Non-Class:  0 bytes
       Class:  0 bytes
        Both:  0 bytes

CodeHeap 'non-profiled nmethods': size=120032Kb used=16Kb max_used=16Kb free=120015Kb
 bounds [0x00007ff52c00c000, 0x00007ff52c27c000, 0x00007ff533544000]
CodeHeap 'profiled nmethods': size=120032Kb used=84Kb max_used=84Kb free=119947Kb
 bounds [0x00007ff524ad4000, 0x00007ff524d44000, 0x00007ff52c00c000]
CodeHeap 'non-nmethods': size=5696Kb used=1002Kb max_used=1005Kb free=4693Kb
 bounds [0x00007ff524544000, 0x00007ff5247b4000, 0x00007ff524ad4000]
 total_blobs=364 nmethods=58 adapters=170
 compilation: enabled
              stopped_count=0, restarted_count=0
 full_count=0

Compilation events (10 events):
Event: 0,041 Thread 0x00007ff53c1e2800   54       3       java.lang.StringLatin1::charAt (28 bytes)
Event: 0,041 Thread 0x00007ff53c1e2800 nmethod 54 0x00007ff524ae7690 code [0x00007ff524ae7860, 0x00007ff524ae7aa8]
Event: 0,042 Thread 0x00007ff53c1e2800   55       3       java.lang.AbstractStringBuilder::ensureCapacityInternal (39 bytes)
Event: 0,043 Thread 0x00007ff53c1e2800 nmethod 55 0x00007ff524ae7b90 code [0x00007ff524ae7d80, 0x00007ff524ae8278]
Event: 0,043 Thread 0x00007ff53c1e2800   56       3       java.lang.AbstractStringBuilder::isLatin1 (19 bytes)
Event: 0,043 Thread 0x00007ff53c1e2800 nmethod 56 0x00007ff524ae8410 code [0x00007ff524ae85c0, 0x00007ff524ae87b0]
Event: 0,043 Thread 0x00007ff53c1e2800   57       3       java.lang.String::length (11 bytes)
Event: 0,043 Thread 0x00007ff53c1e2800 nmethod 57 0x00007ff524ae8810 code [0x00007ff524ae89c0, 0x00007ff524ae8bd0]
Event: 0,044 Thread 0x00007ff53c1e2800   58       3       sun.nio.fs.UnixPath::checkNotNul (16 bytes)
Event: 0,044 Thread 0x00007ff53c1e2800 nmethod 58 0x00007ff524ae8c90 code [0x00007ff524ae8e60, 0x00007ff524ae9068]

GC Heap History (4 events):
Event: 0,045 GC heap before
{Heap before GC invocations=0 (full 0):
 garbage-first heap   total 260096K, used 1764K [0x0000000440000000, 0x0000000800000000)
  region size 2048K, 1 young (2048K), 0 survivors (0K)
 Metaspace       used 209K, capacity 4486K, committed 4864K, reserved 1056768K
  class space    used 9K, capacity 386K, committed 512K, reserved 1048576K
}
Event: 0,051 GC heap after
{Heap after GC invocations=1 (full 0):
 garbage-first heap   total 260096K, used 2028K [0x0000000440000000, 0x0000000800000000)
  region size 2048K, 1 young (2048K), 1 survivors (2048K)
 Metaspace       used 209K, capacity 4486K, committed 4864K, reserved 1056768K
  class space    used 9K, capacity 386K, committed 512K, reserved 1048576K
}
Event: 0,051 GC heap before
{Heap before GC invocations=1 (full 0):
 garbage-first heap   total 260096K, used 2028K [0x0000000440000000, 0x0000000800000000)
  region size 2048K, 1 young (2048K), 1 survivors (2048K)
 Metaspace       used 209K, capacity 4486K, committed 4864K, reserved 1056768K
  class space    used 9K, capacity 386K, committed 512K, reserved 1048576K
}
Event: 0,054 GC heap after
{Heap after GC invocations=2 (full 0):
 garbage-first heap   total 260096K, used 2025K [0x0000000440000000, 0x0000000800000000)
  region size 2048K, 1 young (2048K), 1 survivors (2048K)
 Metaspace       used 209K, capacity 4486K, committed 4864K, reserved 1056768K
  class space    used 9K, capacity 386K, committed 512K, reserved 1048576K
}

Deoptimization events (0 events):
No events

Classes redefined (0 events):
No events

Internal exceptions (0 events):
No events

Events (10 events):
Event: 0,041 loading class java/nio/charset/CharsetDecoder done
Event: 0,041 loading class sun/nio/cs/UTF_8$Decoder done
Event: 0,041 loading class jdk/internal/loader/URLClassPath$FileLoader$1
Event: 0,041 loading class jdk/internal/loader/URLClassPath$FileLoader$1 done
Event: 0,042 Thread 0x00007ff53c231000 Thread added: 0x00007ff53c231000
Event: 0,042 Executing VM operation: RevokeBias
Event: 0,042 Executing VM operation: RevokeBias done
Event: 0,045 Executing VM operation: G1CollectForAllocation
Event: 0,051 Executing VM operation: G1CollectForAllocation done
Event: 0,051 Executing VM operation: G1CollectForAllocation


Dynamic libraries:
00400000-00401000 r-xp 00000000 08:01 2627575                            /opt/Javasoft/jdk-12/bin/java
00600000-00601000 r--p 00000000 08:01 2627575                            /opt/Javasoft/jdk-12/bin/java
00601000-00602000 rw-p 00001000 08:01 2627575                            /opt/Javasoft/jdk-12/bin/java
00898000-008b9000 rw-p 00000000 00:00 0                                  [heap]
440000000-44fa00000 rw-p 00000000 00:00 0 
7ffc00000-7ffd00000 rw-p 00000000 00:00 0 
7ffd00000-7ffd47000 rw-p 01198000 08:01 2628083                          /opt/Javasoft/jdk-12/lib/server/classes.jsa
7ffd47000-7ffe00000 rw-p 00000000 00:00 0 
7ffe00000-7ffe72000 rw-p 01126000 08:01 2628083                          /opt/Javasoft/jdk-12/lib/server/classes.jsa
7ffe72000-800000000 rw-p 00000000 00:00 0 
800000000-800003000 rwxp 00001000 08:01 2628083                          /opt/Javasoft/jdk-12/lib/server/classes.jsa
800003000-8003d8000 rw-p 00004000 08:01 2628083                          /opt/Javasoft/jdk-12/lib/server/classes.jsa
8003d8000-800ae0000 r--p 003d9000 08:01 2628083                          /opt/Javasoft/jdk-12/lib/server/classes.jsa
800ae0000-800ae1000 rw-p 00ae1000 08:01 2628083                          /opt/Javasoft/jdk-12/lib/server/classes.jsa
800ae1000-801125000 r--p 00ae2000 08:01 2628083                          /opt/Javasoft/jdk-12/lib/server/classes.jsa
801125000-8011a5000 rw-p 00000000 00:00 0 
8011a5000-841125000 ---p 00000000 00:00 0 
7ff4b0000000-7ff4b0021000 rw-p 00000000 00:00 0 
7ff4b0021000-7ff4b4000000 ---p 00000000 00:00 0 
7ff4b4000000-7ff4b4021000 rw-p 00000000 00:00 0 
7ff4b4021000-7ff4b8000000 ---p 00000000 00:00 0 
7ff4b8000000-7ff4b8021000 rw-p 00000000 00:00 0 
7ff4b8021000-7ff4bc000000 ---p 00000000 00:00 0 
7ff4bc000000-7ff4bc021000 rw-p 00000000 00:00 0 
7ff4bc021000-7ff4c0000000 ---p 00000000 00:00 0 
7ff4c396e000-7ff4c3cfa000 rw-p 00000000 00:00 0 
7ff4c3cfa000-7ff4c3cfb000 ---p 00000000 00:00 0 
7ff4c3cfb000-7ff4c3dfc000 rw-p 00000000 00:00 0 
7ff4c3dfc000-7ff4c3dfd000 ---p 00000000 00:00 0 
7ff4c3dfd000-7ff4c3efe000 rw-p 00000000 00:00 0 
7ff4c3efe000-7ff4c3eff000 ---p 00000000 00:00 0 
7ff4c3eff000-7ff4c4000000 rw-p 00000000 00:00 0 
7ff4c4000000-7ff4c4021000 rw-p 00000000 00:00 0 
7ff4c4021000-7ff4c8000000 ---p 00000000 00:00 0 
7ff4c8000000-7ff4c8021000 rw-p 00000000 00:00 0 
7ff4c8021000-7ff4cc000000 ---p 00000000 00:00 0 
7ff4cc000000-7ff4cc057000 rw-p 00000000 00:00 0 
7ff4cc057000-7ff4d0000000 ---p 00000000 00:00 0 
7ff4d0000000-7ff4d0021000 rw-p 00000000 00:00 0 
7ff4d0021000-7ff4d4000000 ---p 00000000 00:00 0 
7ff4d4000000-7ff4d4021000 rw-p 00000000 00:00 0 
7ff4d4021000-7ff4d8000000 ---p 00000000 00:00 0 
7ff4d8000000-7ff4d807f000 rw-p 00000000 00:00 0 
7ff4d807f000-7ff4dc000000 ---p 00000000 00:00 0 
7ff4dc000000-7ff4dc021000 rw-p 00000000 00:00 0 
7ff4dc021000-7ff4e0000000 ---p 00000000 00:00 0 
7ff4e0000000-7ff4e0021000 rw-p 00000000 00:00 0 
7ff4e0021000-7ff4e4000000 ---p 00000000 00:00 0 
7ff4e4000000-7ff4e4021000 rw-p 00000000 00:00 0 
7ff4e4021000-7ff4e8000000 ---p 00000000 00:00 0 
7ff4e8000000-7ff4e8021000 rw-p 00000000 00:00 0 
7ff4e8021000-7ff4ec000000 ---p 00000000 00:00 0 
7ff4ec000000-7ff4ec021000 rw-p 00000000 00:00 0 
7ff4ec021000-7ff4f0000000 ---p 00000000 00:00 0 
7ff4f0033000-7ff4f0049000 r-xp 00000000 08:01 2628062                    /opt/Javasoft/jdk-12/lib/libnet.so
7ff4f0049000-7ff4f0249000 ---p 00016000 08:01 2628062                    /opt/Javasoft/jdk-12/lib/libnet.so
7ff4f0249000-7ff4f024a000 r--p 00016000 08:01 2628062                    /opt/Javasoft/jdk-12/lib/libnet.so
7ff4f024a000-7ff4f024b000 rw-p 00017000 08:01 2628062                    /opt/Javasoft/jdk-12/lib/libnet.so
7ff4f024b000-7ff4f025c000 r-xp 00000000 08:01 2628063                    /opt/Javasoft/jdk-12/lib/libnio.so
7ff4f025c000-7ff4f045b000 ---p 00011000 08:01 2628063                    /opt/Javasoft/jdk-12/lib/libnio.so
7ff4f045b000-7ff4f045c000 r--p 00010000 08:01 2628063                    /opt/Javasoft/jdk-12/lib/libnio.so
7ff4f045c000-7ff4f045d000 rw-p 00011000 08:01 2628063                    /opt/Javasoft/jdk-12/lib/libnio.so
7ff4f045d000-7ff4f0461000 ---p 00000000 00:00 0 
7ff4f0461000-7ff4f055e000 rw-p 00000000 00:00 0 
7ff4f055e000-7ff4f055f000 ---p 00000000 00:00 0 
7ff4f055f000-7ff4f0660000 rw-p 00000000 00:00 0 
7ff4f0660000-7ff4f0664000 ---p 00000000 00:00 0 
7ff4f0664000-7ff4f0761000 rw-p 00000000 00:00 0 
7ff4f0761000-7ff4f0765000 ---p 00000000 00:00 0 
7ff4f0765000-7ff4f0862000 rw-p 00000000 00:00 0 
7ff4f0862000-7ff4f0866000 ---p 00000000 00:00 0 
7ff4f0866000-7ff4f0963000 rw-p 00000000 00:00 0 
7ff4f0963000-7ff4f0967000 ---p 00000000 00:00 0 
7ff4f0967000-7ff4f0a64000 rw-p 00000000 00:00 0 
7ff4f0a64000-7ff4f0a68000 ---p 00000000 00:00 0 
7ff4f0a68000-7ff4f0b65000 rw-p 00000000 00:00 0 
7ff4f0b65000-7ff4f0f74000 r--p 00000000 08:01 3152241                    /usr/lib/locale/locale-archive
7ff4f0f74000-7ff4f0f78000 ---p 00000000 00:00 0 
7ff4f0f78000-7ff4f1075000 rw-p 00000000 00:00 0 
7ff4f1075000-7ff4f1079000 ---p 00000000 00:00 0 
7ff4f1079000-7ff4f1176000 rw-p 00000000 00:00 0 
7ff4f1176000-7ff4f1177000 ---p 00000000 00:00 0 
7ff4f1177000-7ff4f1739000 rw-p 00000000 00:00 0 
7ff4f1739000-7ff4f1af9000 ---p 00000000 00:00 0 
7ff4f1af9000-7ff4f1afa000 ---p 00000000 00:00 0 
7ff4f1afa000-7ff4f1bfb000 rw-p 00000000 00:00 0 
7ff4f1bfb000-7ff4f1bfc000 ---p 00000000 00:00 0 
7ff4f1bfc000-7ff4f4000000 rw-p 00000000 00:00 0 
7ff4f4000000-7ff4f4021000 rw-p 00000000 00:00 0 
7ff4f4021000-7ff4f8000000 ---p 00000000 00:00 0 
7ff4f8000000-7ff4f8021000 rw-p 00000000 00:00 0 
7ff4f8021000-7ff4fc000000 ---p 00000000 00:00 0 
7ff4fc000000-7ff4fc021000 rw-p 00000000 00:00 0 
7ff4fc021000-7ff500000000 ---p 00000000 00:00 0 
7ff500063000-7ff500164000 rw-p 00000000 00:00 0 
7ff500164000-7ff500165000 ---p 00000000 00:00 0 
7ff500165000-7ff500266000 rw-p 00000000 00:00 0 
7ff500266000-7ff500267000 ---p 00000000 00:00 0 
7ff500267000-7ff500368000 rw-p 00000000 00:00 0 
7ff500368000-7ff500369000 ---p 00000000 00:00 0 
7ff500369000-7ff500952000 rw-p 00000000 00:00 0 
7ff500952000-7ff50f55a000 ---p 00000000 00:00 0 
7ff50f55a000-7ff50f952000 rw-p 00000000 00:00 0 
7ff50f952000-7ff51e55a000 ---p 00000000 00:00 0 
7ff51e55a000-7ff51e5e7000 rw-p 00000000 00:00 0 
7ff51e5e7000-7ff520368000 ---p 00000000 00:00 0 
7ff520368000-7ff5203e7000 rw-p 00000000 00:00 0 
7ff5203e7000-7ff522168000 ---p 00000000 00:00 0 
7ff522168000-7ff5221e7000 rw-p 00000000 00:00 0 
7ff5221e7000-7ff523f68000 ---p 00000000 00:00 0 
7ff523f68000-7ff524373000 rw-p 00000000 00:00 0 
7ff524373000-7ff524459000 ---p 00000000 00:00 0 
7ff524459000-7ff52445e000 rw-p 00000000 00:00 0 
7ff52445e000-7ff524544000 ---p 00000000 00:00 0 
7ff524544000-7ff5247b4000 rwxp 00000000 00:00 0 
7ff5247b4000-7ff524ad4000 ---p 00000000 00:00 0 
7ff524ad4000-7ff524d44000 rwxp 00000000 00:00 0 
7ff524d44000-7ff52c00c000 ---p 00000000 00:00 0 
7ff52c00c000-7ff52c27c000 rwxp 00000000 00:00 0 
7ff52c27c000-7ff533544000 ---p 00000000 00:00 0 
7ff533544000-7ff53b9c9000 r--s 00000000 08:01 2628073                    /opt/Javasoft/jdk-12/lib/modules
7ff53b9c9000-7ff53b9e4000 r-xp 00000000 08:01 2628053                    /opt/Javasoft/jdk-12/lib/libjimage.so
7ff53b9e4000-7ff53bbe3000 ---p 0001b000 08:01 2628053                    /opt/Javasoft/jdk-12/lib/libjimage.so
7ff53bbe3000-7ff53bbe5000 r--p 0001a000 08:01 2628053                    /opt/Javasoft/jdk-12/lib/libjimage.so
7ff53bbe5000-7ff53bbe6000 rw-p 0001c000 08:01 2628053                    /opt/Javasoft/jdk-12/lib/libjimage.so
7ff53bbe6000-7ff53bbed000 r-xp 00000000 08:01 2628072                    /opt/Javasoft/jdk-12/lib/libzip.so
7ff53bbed000-7ff53bdec000 ---p 00007000 08:01 2628072                    /opt/Javasoft/jdk-12/lib/libzip.so
7ff53bdec000-7ff53bded000 r--p 00006000 08:01 2628072                    /opt/Javasoft/jdk-12/lib/libzip.so
7ff53bded000-7ff53bdee000 rw-p 00007000 08:01 2628072                    /opt/Javasoft/jdk-12/lib/libzip.so
7ff53bdee000-7ff53bdf9000 r-xp 00000000 08:01 1315580                    /lib/x86_64-linux-gnu/libnss_files-2.27.so
7ff53bdf9000-7ff53bff8000 ---p 0000b000 08:01 1315580                    /lib/x86_64-linux-gnu/libnss_files-2.27.so
7ff53bff8000-7ff53bff9000 r--p 0000a000 08:01 1315580                    /lib/x86_64-linux-gnu/libnss_files-2.27.so
7ff53bff9000-7ff53bffa000 rw-p 0000b000 08:01 1315580                    /lib/x86_64-linux-gnu/libnss_files-2.27.so
7ff53bffa000-7ff53c000000 rw-p 00000000 00:00 0 
7ff53c000000-7ff53c238000 rw-p 00000000 00:00 0 
7ff53c238000-7ff540000000 ---p 00000000 00:00 0 
7ff54000c000-7ff5400d9000 rw-p 00000000 00:00 0 
7ff5400d9000-7ff5400f0000 r-xp 00000000 08:01 1315574                    /lib/x86_64-linux-gnu/libnsl-2.27.so
7ff5400f0000-7ff5402ef000 ---p 00017000 08:01 1315574                    /lib/x86_64-linux-gnu/libnsl-2.27.so
7ff5402ef000-7ff5402f0000 r--p 00016000 08:01 1315574                    /lib/x86_64-linux-gnu/libnsl-2.27.so
7ff5402f0000-7ff5402f1000 rw-p 00017000 08:01 1315574                    /lib/x86_64-linux-gnu/libnsl-2.27.so
7ff5402f1000-7ff5402f3000 rw-p 00000000 00:00 0 
7ff5402f3000-7ff5402fe000 r-xp 00000000 08:01 1315591                    /lib/x86_64-linux-gnu/libnss_nis-2.27.so
7ff5402fe000-7ff5404fd000 ---p 0000b000 08:01 1315591                    /lib/x86_64-linux-gnu/libnss_nis-2.27.so
7ff5404fd000-7ff5404fe000 r--p 0000a000 08:01 1315591                    /lib/x86_64-linux-gnu/libnss_nis-2.27.so
7ff5404fe000-7ff5404ff000 rw-p 0000b000 08:01 1315591                    /lib/x86_64-linux-gnu/libnss_nis-2.27.so
7ff5404ff000-7ff540507000 r-xp 00000000 08:01 1315576                    /lib/x86_64-linux-gnu/libnss_compat-2.27.so
7ff540507000-7ff540707000 ---p 00008000 08:01 1315576                    /lib/x86_64-linux-gnu/libnss_compat-2.27.so
7ff540707000-7ff540708000 r--p 00008000 08:01 1315576                    /lib/x86_64-linux-gnu/libnss_compat-2.27.so
7ff540708000-7ff540709000 rw-p 00009000 08:01 1315576                    /lib/x86_64-linux-gnu/libnss_compat-2.27.so
7ff540709000-7ff540731000 r-xp 00000000 08:01 2628049                    /opt/Javasoft/jdk-12/lib/libjava.so
7ff540731000-7ff540930000 ---p 00028000 08:01 2628049                    /opt/Javasoft/jdk-12/lib/libjava.so
7ff540930000-7ff540931000 r--p 00027000 08:01 2628049                    /opt/Javasoft/jdk-12/lib/libjava.so
7ff540931000-7ff540933000 rw-p 00028000 08:01 2628049                    /opt/Javasoft/jdk-12/lib/libjava.so
7ff540933000-7ff540940000 r-xp 00000000 08:01 2628071                    /opt/Javasoft/jdk-12/lib/libverify.so
7ff540940000-7ff540b3f000 ---p 0000d000 08:01 2628071                    /opt/Javasoft/jdk-12/lib/libverify.so
7ff540b3f000-7ff540b41000 r--p 0000c000 08:01 2628071                    /opt/Javasoft/jdk-12/lib/libverify.so
7ff540b41000-7ff540b42000 rw-p 0000e000 08:01 2628071                    /opt/Javasoft/jdk-12/lib/libverify.so
7ff540b42000-7ff540b49000 r-xp 00000000 08:01 1315631                    /lib/x86_64-linux-gnu/librt-2.27.so
7ff540b49000-7ff540d48000 ---p 00007000 08:01 1315631                    /lib/x86_64-linux-gnu/librt-2.27.so
7ff540d48000-7ff540d49000 r--p 00006000 08:01 1315631                    /lib/x86_64-linux-gnu/librt-2.27.so
7ff540d49000-7ff540d4a000 rw-p 00007000 08:01 1315631                    /lib/x86_64-linux-gnu/librt-2.27.so
7ff540d4a000-7ff540ee7000 r-xp 00000000 08:01 1315553                    /lib/x86_64-linux-gnu/libm-2.27.so
7ff540ee7000-7ff5410e6000 ---p 0019d000 08:01 1315553                    /lib/x86_64-linux-gnu/libm-2.27.so
7ff5410e6000-7ff5410e7000 r--p 0019c000 08:01 1315553                    /lib/x86_64-linux-gnu/libm-2.27.so
7ff5410e7000-7ff5410e8000 rw-p 0019d000 08:01 1315553                    /lib/x86_64-linux-gnu/libm-2.27.so
7ff5410e8000-7ff54224b000 r-xp 00000000 08:01 2628085                    /opt/Javasoft/jdk-12/lib/server/libjvm.so
7ff54224b000-7ff54244b000 ---p 01163000 08:01 2628085                    /opt/Javasoft/jdk-12/lib/server/libjvm.so
7ff54244b000-7ff54250c000 r--p 01163000 08:01 2628085                    /opt/Javasoft/jdk-12/lib/server/libjvm.so
7ff54250c000-7ff542545000 rw-p 01224000 08:01 2628085                    /opt/Javasoft/jdk-12/lib/server/libjvm.so
7ff542545000-7ff5425c8000 rw-p 00000000 00:00 0 
7ff5425c8000-7ff5427af000 r-xp 00000000 08:01 1315490                    /lib/x86_64-linux-gnu/libc-2.27.so
7ff5427af000-7ff5429af000 ---p 001e7000 08:01 1315490                    /lib/x86_64-linux-gnu/libc-2.27.so
7ff5429af000-7ff5429b3000 r--p 001e7000 08:01 1315490                    /lib/x86_64-linux-gnu/libc-2.27.so
7ff5429b3000-7ff5429b5000 rw-p 001eb000 08:01 1315490                    /lib/x86_64-linux-gnu/libc-2.27.so
7ff5429b5000-7ff5429b9000 rw-p 00000000 00:00 0 
7ff5429b9000-7ff5429bc000 r-xp 00000000 08:01 1315513                    /lib/x86_64-linux-gnu/libdl-2.27.so
7ff5429bc000-7ff542bbb000 ---p 00003000 08:01 1315513                    /lib/x86_64-linux-gnu/libdl-2.27.so
7ff542bbb000-7ff542bbc000 r--p 00002000 08:01 1315513                    /lib/x86_64-linux-gnu/libdl-2.27.so
7ff542bbc000-7ff542bbd000 rw-p 00003000 08:01 1315513                    /lib/x86_64-linux-gnu/libdl-2.27.so
7ff542bbd000-7ff542bd7000 r-xp 00000000 08:01 1315623                    /lib/x86_64-linux-gnu/libpthread-2.27.so
7ff542bd7000-7ff542dd6000 ---p 0001a000 08:01 1315623                    /lib/x86_64-linux-gnu/libpthread-2.27.so
7ff542dd6000-7ff542dd7000 r--p 00019000 08:01 1315623                    /lib/x86_64-linux-gnu/libpthread-2.27.so
7ff542dd7000-7ff542dd8000 rw-p 0001a000 08:01 1315623                    /lib/x86_64-linux-gnu/libpthread-2.27.so
7ff542dd8000-7ff542ddc000 rw-p 00000000 00:00 0 
7ff542ddc000-7ff542dec000 r-xp 00000000 08:01 2628054                    /opt/Javasoft/jdk-12/lib/libjli.so
7ff542dec000-7ff542feb000 ---p 00010000 08:01 2628054                    /opt/Javasoft/jdk-12/lib/libjli.so
7ff542feb000-7ff542fec000 r--p 0000f000 08:01 2628054                    /opt/Javasoft/jdk-12/lib/libjli.so
7ff542fec000-7ff542fed000 rw-p 00010000 08:01 2628054                    /opt/Javasoft/jdk-12/lib/libjli.so
7ff542fed000-7ff543009000 r-xp 00000000 08:01 1315664                    /lib/x86_64-linux-gnu/libz.so.1.2.11
7ff543009000-7ff543208000 ---p 0001c000 08:01 1315664                    /lib/x86_64-linux-gnu/libz.so.1.2.11
7ff543208000-7ff543209000 r--p 0001b000 08:01 1315664                    /lib/x86_64-linux-gnu/libz.so.1.2.11
7ff543209000-7ff54320a000 rw-p 0001c000 08:01 1315664                    /lib/x86_64-linux-gnu/libz.so.1.2.11
7ff54320a000-7ff543231000 r-xp 00000000 08:01 1315462                    /lib/x86_64-linux-gnu/ld-2.27.so
7ff543256000-7ff543311000 rw-p 00000000 00:00 0 
7ff543311000-7ff543315000 ---p 00000000 00:00 0 
7ff543315000-7ff543416000 rw-p 00000000 00:00 0 
7ff54341a000-7ff54341f000 rw-p 00000000 00:00 0 
7ff54341f000-7ff543426000 ---p 00000000 00:00 0 
7ff543426000-7ff54342e000 rw-s 00000000 00:2e 42                         /tmp/hsperfdata_kongra/22563
7ff54342e000-7ff54342f000 ---p 00000000 00:00 0 
7ff54342f000-7ff543430000 r--p 00000000 00:00 0 
7ff543430000-7ff543431000 ---p 00000000 00:00 0 
7ff543431000-7ff543432000 r--p 00027000 08:01 1315462                    /lib/x86_64-linux-gnu/ld-2.27.so
7ff543432000-7ff543433000 rw-p 00028000 08:01 1315462                    /lib/x86_64-linux-gnu/ld-2.27.so
7ff543433000-7ff543434000 rw-p 00000000 00:00 0 
7ffddf024000-7ffddf046000 rw-p 00000000 00:00 0                          [stack]
7ffddf17b000-7ffddf17e000 r--p 00000000 00:00 0                          [vvar]
7ffddf17e000-7ffddf180000 r-xp 00000000 00:00 0                          [vdso]
ffffffffff600000-ffffffffff601000 r-xp 00000000 00:00 0                  [vsyscall]


VM Arguments:
jvm_args: -Xmx15G 
java_command: Test
java_class_path (initial): .
Launcher Type: SUN_STANDARD

[Global flags]
     intx CICompilerCount                          = 3                                         {product} {ergonomic}
     uint ConcGCThreads                            = 1                                         {product} {ergonomic}
     uint G1ConcRefinementThreads                  = 4                                         {product} {ergonomic}
   size_t G1HeapRegionSize                         = 2097152                                   {product} {ergonomic}
    uintx GCDrainStackTargetSize                   = 64                                        {product} {ergonomic}
   size_t InitialHeapSize                          = 262144000                                 {product} {ergonomic}
   size_t MarkStackSize                            = 4194304                                   {product} {ergonomic}
   size_t MaxHeapSize                              = 16106127360                               {product} {command line}
   size_t MaxNewSize                               = 9663676416                                {product} {ergonomic}
   size_t MinHeapDeltaBytes                        = 2097152                                   {product} {ergonomic}
    uintx NonNMethodCodeHeapSize                   = 5830732                                {pd product} {ergonomic}
    uintx NonProfiledCodeHeapSize                  = 122913754                              {pd product} {ergonomic}
    uintx ProfiledCodeHeapSize                     = 122913754                              {pd product} {ergonomic}
    uintx ReservedCodeCacheSize                    = 251658240                              {pd product} {ergonomic}
     bool SegmentedCodeCache                       = true                                      {product} {ergonomic}
     bool UseCompressedClassPointers               = true                                 {lp64_product} {ergonomic}
     bool UseCompressedOops                        = true                                 {lp64_product} {ergonomic}
     bool UseG1GC                                  = true                                      {product} {ergonomic}

Logging:
Log output configuration:
 #0: stdout all=warning uptime,level,tags
 #1: stderr all=off uptime,level,tags

Environment Variables:
JAVA_HOME=/home/kongra/Javasoft/jdk
PATH=/home/kongra/Cppsoft/clang/bin:/home/kongra/Adasoft/GNAT/current/bin:/home/kongra/Javasoft/jdk/bin:.:/home/kongra/bin:/usr/local/sbin:/usr/local/bin:/usr/sbin:/usr/bin:/sbin:/bin:/usr/games:/usr/local/games:/home/kongra/.local/bin:/home/kongra/Javasoft/ant/bin:/home/kongra/Javasoft/apache-maven/bin:/home/kongra/Devel/Libs/cmake/bin:/home/kongra/Mathematica/8.0/bin:/home/kongra/.composer/vendor/bin:/home/kongra/.cargo/bin:/home/kongra/node_modules/.bin:/home/kongra/node_modules/elm_format/bin:/home/kongra/node_modules/elm_oracle/bin
SHELL=/usr/bin/zsh
DISPLAY=:0

Signal Handlers:
SIGSEGV: [libjvm.so+0xe44ea0], sa_mask[0]=11111111011111111101111111111110, sa_flags=SA_RESTART|SA_SIGINFO
SIGBUS: [libjvm.so+0xe44ea0], sa_mask[0]=11111111011111111101111111111110, sa_flags=SA_RESTART|SA_SIGINFO
SIGFPE: [libjvm.so+0xe44ea0], sa_mask[0]=11111111011111111101111111111110, sa_flags=SA_RESTART|SA_SIGINFO
SIGPIPE: [libjvm.so+0xbf4390], sa_mask[0]=11111111011111111101111111111110, sa_flags=SA_RESTART|SA_SIGINFO
SIGXFSZ: [libjvm.so+0xbf4390], sa_mask[0]=11111111011111111101111111111110, sa_flags=SA_RESTART|SA_SIGINFO
SIGILL: [libjvm.so+0xe44ea0], sa_mask[0]=11111111011111111101111111111110, sa_flags=SA_RESTART|SA_SIGINFO
SIGUSR2: [libjvm.so+0xbf4230], sa_mask[0]=00000000000000000000000000000000, sa_flags=SA_RESTART|SA_SIGINFO
SIGHUP: [libjvm.so+0xbf4590], sa_mask[0]=11111111011111111101111111111110, sa_flags=SA_RESTART|SA_SIGINFO
SIGINT: [libjvm.so+0xbf4590], sa_mask[0]=11111111011111111101111111111110, sa_flags=SA_RESTART|SA_SIGINFO
SIGTERM: [libjvm.so+0xbf4590], sa_mask[0]=11111111011111111101111111111110, sa_flags=SA_RESTART|SA_SIGINFO
SIGQUIT: [libjvm.so+0xbf4590], sa_mask[0]=11111111011111111101111111111110, sa_flags=SA_RESTART|SA_SIGINFO


---------------  S Y S T E M  ---------------

OS:DISTRIB_ID=LinuxMint
DISTRIB_RELEASE=19.1
DISTRIB_CODENAME=tessa
DISTRIB_DESCRIPTION="Linux Mint 19.1 Tessa"
uname:Linux 4.15.0-46-generic #49-Ubuntu SMP Wed Feb 6 09:33:07 UTC 2019 x86_64
libc:glibc 2.27 NPTL 2.27 
rlimit: STACK 8192k, CORE 0k, NPROC 63467, NOFILE 4096, AS infinity, DATA infinity, FSIZE infinity
load average:3,42 3,68 3,93

/proc/meminfo:
MemTotal:       16312176 kB
MemFree:         8219804 kB
MemAvailable:   12465784 kB
Buffers:          128008 kB
Cached:          4520812 kB
SwapCached:            0 kB
Active:          3905360 kB
Inactive:        3818112 kB
Active(anon):    3070108 kB
Inactive(anon):   239844 kB
Active(file):     835252 kB
Inactive(file):  3578268 kB
Unevictable:          32 kB
Mlocked:              32 kB
SwapTotal:       2097148 kB
SwapFree:        2097148 kB
Dirty:               180 kB
Writeback:             0 kB
AnonPages:       3074756 kB
Mapped:           641628 kB
Shmem:            235304 kB
Slab:             220004 kB
SReclaimable:     172748 kB
SUnreclaim:        47256 kB
KernelStack:       10384 kB
PageTables:        44648 kB
NFS_Unstable:          0 kB
Bounce:                0 kB
WritebackTmp:          0 kB
CommitLimit:    10253236 kB
Committed_AS:    7471160 kB
VmallocTotal:   34359738367 kB
VmallocUsed:           0 kB
VmallocChunk:          0 kB
HardwareCorrupted:     0 kB
AnonHugePages:     14336 kB
ShmemHugePages:        0 kB
ShmemPmdMapped:        0 kB
CmaTotal:              0 kB
CmaFree:               0 kB
HugePages_Total:       0
HugePages_Free:        0
HugePages_Rsvd:        0
HugePages_Surp:        0
Hugepagesize:       2048 kB
DirectMap4k:      181760 kB
DirectMap2M:     7047168 kB
DirectMap1G:     9437184 kB


/proc/sys/kernel/threads-max (system-wide limit on the number of threads):
126935


/proc/sys/vm/max_map_count (maximum number of memory map areas a process may have):
65530


/proc/sys/kernel/pid_max (system-wide limit on number of process identifiers):
32768



container (cgroup) information:
container_type: cgroupv1
cpu_cpuset_cpus: 0-3
cpu_memory_nodes: 0
active_processor_count: 4
cpu_quota: -1
cpu_period: 100000
cpu_shares: -1
memory_limit_in_bytes: -1
memory_and_swap_limit_in_bytes: -2
memory_soft_limit_in_bytes: -1
memory_usage_in_bytes: 7909642240
memory_max_usage_in_bytes: 0


CPU:total 4 (initial active 4) (2 cores per cpu, 2 threads per core) family 6 model 61 stepping 4, cmov, cx8, fxsr, mmx, sse, sse2, sse3, ssse3, sse4.1, sse4.2, popcnt, avx, avx2, aes, clmul, erms, 3dnowpref, lzcnt, ht, tsc, tscinvbit, bmi1, bmi2, adx, fma
CPU Model and flags from /proc/cpuinfo:
model name	: Intel(R) Core(TM) i7-5500U CPU @ 2.40GHz
flags		: fpu vme de pse tsc msr pae mce cx8 apic sep mtrr pge mca cmov pat pse36 clflush dts acpi mmx fxsr sse sse2 ss ht tm pbe syscall nx pdpe1gb rdtscp lm constant_tsc arch_perfmon pebs bts rep_good nopl xtopology nonstop_tsc cpuid aperfmperf pni pclmulqdq dtes64 monitor ds_cpl vmx est tm2 ssse3 sdbg fma cx16 xtpr pdcm pcid sse4_1 sse4_2 x2apic movbe popcnt tsc_deadline_timer aes xsave avx f16c rdrand lahf_lm abm 3dnowprefetch cpuid_fault epb invpcid_single pti ssbd ibrs ibpb stibp tpr_shadow vnmi flexpriority ept vpid fsgsbase tsc_adjust bmi1 avx2 smep bmi2 erms invpcid rdseed adx smap intel_pt xsaveopt dtherm ida arat pln pts flush_l1d

Memory: 4k page, physical 16312176k(8219804k free), swap 2097148k(2097148k free)

vm_info: OpenJDK 64-Bit Server VM (12+33) for linux-amd64 JRE (12+33), built on Feb 20 2019 18:26:14 by "mach5one" with gcc 7.3.0

END.
