#
# There is insufficient memory for the Java Runtime Environment to continue.
# Native memory allocation (mmap) failed to map 15839789056 bytes for committing reserved memory.
# Possible reasons:
#   The system is out of physical RAM or swap space
#   The process is running with CompressedOops enabled, and the Java Heap may be blocking the growth of the native heap
# Possible solutions:
#   Reduce memory load on the system
#   Increase physical memory or swap space
#   Check if swap backing store is full
#   Decrease Java heap size (-Xmx/-Xms)
#   Decrease number of Java threads
#   Decrease Java thread stack sizes (-Xss)
#   Set larger code cache with -XX:ReservedCodeCacheSize=
#   JVM is running with Zero Based Compressed Oops mode in which the Java heap is
#     placed in the first 32GB address space. The Java Heap base address is the
#     maximum limit for the native heap growth. Please use -XX:HeapBaseMinAddress
#     to set the Java Heap base and to place the Java Heap above 32GB virtual address.
# This output file may be truncated or incomplete.
#
#  Out of Memory Error (os_linux.cpp:2659), pid=22414, tid=22421
#
# JRE version: OpenJDK Runtime Environment (12.0+33) (build 12+33)
# Java VM: OpenJDK 64-Bit Server VM (12+33, mixed mode, sharing, tiered, compressed oops, g1 gc, linux-amd64)
# Core dump will be written. Default location: Core dumps may be processed with "/usr/share/apport/apport %p %s %c %d %P" (or dumping to /home/kongra/Devel/Projects/Present/SAN/2015 letni (Spring) - 2018 zimowy (Fall)/TP-Fall-2018-2019/core.22414)
#

---------------  S U M M A R Y ------------

Command Line: -Xmx15G Test

Host: Intel(R) Core(TM) i7-5500U CPU @ 2.40GHz, 4 cores, 15G, Linux Mint 19.1 Tessa
Time: Wed Mar 20 13:41:35 2019 CET elapsed time: 0 seconds (0d 0h 0m 0s)

---------------  T H R E A D  ---------------

Current thread (0x00007fab101d4000):  VMThread "VM Thread" [stack: 0x00007faad459b000,0x00007faad469b000] [id=22421]

Stack: [0x00007faad459b000,0x00007faad469b000],  sp=0x00007faad4699310,  free space=1016k
Native frames: (J=compiled Java code, A=aot compiled Java code, j=interpreted, Vv=VM code, C=native code)
V  [libjvm.so+0xe43500]  VMError::report_and_die(int, char const*, char const*, __va_list_tag*, Thread*, unsigned char*, void*, void*, char const*, int, unsigned long)+0x310
V  [libjvm.so+0xe440cb]  VMError::report_and_die(Thread*, char const*, int, unsigned long, VMErrorType, char const*, __va_list_tag*)+0x2b
V  [libjvm.so+0x65d9e5]  report_vm_out_of_memory(char const*, int, unsigned long, VMErrorType, char const*, ...)+0xd5
V  [libjvm.so+0xbf8458]  os::pd_commit_memory_or_exit(char*, unsigned long, unsigned long, bool, char const*)+0x108
V  [libjvm.so+0xbefc3d]  os::commit_memory_or_exit(char*, unsigned long, unsigned long, bool, char const*)+0x1d
V  [libjvm.so+0x787a4c]  G1PageBasedVirtualSpace::commit_preferred_pages(unsigned long, unsigned long)+0x6c
V  [libjvm.so+0x787de4]  G1PageBasedVirtualSpace::commit(unsigned long, unsigned long)+0x154
V  [libjvm.so+0x795bb0]  G1RegionsLargerThanCommitSizeMapper::commit_regions(unsigned int, unsigned long, WorkGang*)+0x40
V  [libjvm.so+0x816d00]  HeapRegionManager::commit_regions(unsigned int, unsigned long, WorkGang*)+0x80
V  [libjvm.so+0x817a6f]  HeapRegionManager::make_regions_available(unsigned int, unsigned int, WorkGang*)+0x3f
V  [libjvm.so+0x817ff9]  HeapRegionManager::expand_at(unsigned int, unsigned int, WorkGang*)+0x119
V  [libjvm.so+0x73c440]  G1CollectedHeap::expand(unsigned long, WorkGang*, double*)+0xe0
V  [libjvm.so+0x73e111]  G1CollectedHeap::expand_and_allocate(unsigned long)+0x51
V  [libjvm.so+0x73e463]  G1CollectedHeap::satisfy_failed_allocation(unsigned long, bool*)+0xe3
V  [libjvm.so+0x7a95e4]  VM_G1CollectForAllocation::doit()+0x1d4
V  [libjvm.so+0xe45ae7]  VM_Operation::evaluate()+0xe7
V  [libjvm.so+0xe4b98f]  VMThread::evaluate_operation(VM_Operation*) [clone .constprop.63]+0xff
V  [libjvm.so+0xe4bed1]  VMThread::loop()+0x3f1
V  [libjvm.so+0xe4c303]  VMThread::run()+0x73
V  [libjvm.so+0xdd1a1f]  Thread::call_run()+0x16f
V  [libjvm.so+0xbfe18e]  thread_native_entry(Thread*)+0xee

VM_Operation (0x00007fab187c6790): G1CollectForAllocation, mode: safepoint, requested by thread 0x00007fab10012000


---------------  P R O C E S S  ---------------

Threads class SMR info:
_java_thread_list=0x00007fab10222870, length=9, elements={
0x00007fab10012000, 0x00007fab101d7000, 0x00007fab101d9000, 0x00007fab101de800,
0x00007fab101e0800, 0x00007fab101e2800, 0x00007fab101e4800, 0x00007fab1021c000,
0x00007fab10221000
}

Java Threads: ( => current thread )
  0x00007fab10012000 JavaThread "main" [_thread_blocked, id=22415, stack(0x00007fab186c7000,0x00007fab187c8000)]
  0x00007fab101d7000 JavaThread "Reference Handler" daemon [_thread_blocked, id=22422, stack(0x00007faad4498000,0x00007faad4599000)]
  0x00007fab101d9000 JavaThread "Finalizer" daemon [_thread_blocked, id=22423, stack(0x00007faad4397000,0x00007faad4498000)]
  0x00007fab101de800 JavaThread "Signal Dispatcher" daemon [_thread_blocked, id=22424, stack(0x00007faad4296000,0x00007faad4397000)]
  0x00007fab101e0800 JavaThread "C2 CompilerThread0" daemon [_thread_blocked, id=22425, stack(0x00007faad4195000,0x00007faad4296000)]
  0x00007fab101e2800 JavaThread "C1 CompilerThread0" daemon [_thread_blocked, id=22426, stack(0x00007faad4094000,0x00007faad4195000)]
  0x00007fab101e4800 JavaThread "Sweeper thread" daemon [_thread_blocked, id=22427, stack(0x00007faac5af0000,0x00007faac5bf1000)]
  0x00007fab1021c000 JavaThread "Service Thread" daemon [_thread_blocked, id=22428, stack(0x00007faac59ef000,0x00007faac5af0000)]
  0x00007fab10221000 JavaThread "Common-Cleaner" daemon [_thread_blocked, id=22430, stack(0x00007faac57ec000,0x00007faac58ed000)]

Other Threads:
=>0x00007fab101d4000 VMThread "VM Thread" [stack: 0x00007faad459b000,0x00007faad469b000] [id=22421]
  0x00007fab1021e000 WatcherThread [stack: 0x00007faac58ef000,0x00007faac59ef000] [id=22429]
  0x00007fab10085000 GCTaskThread "GC Thread#0" [stack: 0x00007fab1467e000,0x00007fab1477e000] [id=22416]
  0x00007faabc001000 GCTaskThread "GC Thread#1" [stack: 0x00007faac52c2000,0x00007faac53c2000] [id=22431]
  0x00007faabc002800 GCTaskThread "GC Thread#2" [stack: 0x00007faac51c0000,0x00007faac52c0000] [id=22432]
  0x00007faabc004000 GCTaskThread "GC Thread#3" [stack: 0x00007faac50be000,0x00007faac51be000] [id=22433]
  0x00007fab100b4000 ConcurrentGCThread "G1 Main Marker" [stack: 0x00007fab1457c000,0x00007fab1467c000] [id=22417]
  0x00007fab100b6000 ConcurrentGCThread "G1 Conc#0" [stack: 0x00007fab1447a000,0x00007fab1457a000] [id=22418]
  0x00007fab10185800 ConcurrentGCThread "G1 Refine#0" [stack: 0x00007faad507b000,0x00007faad517b000] [id=22419]
  0x00007fab10187000 ConcurrentGCThread "G1 Young RemSet Sampling" [stack: 0x00007faad4f79000,0x00007faad5079000] [id=22420]

Threads with active compile tasks:

VM state:at safepoint (normal execution)

VM Mutex/Monitor currently owned by a thread:  ([mutex/lock_event])
[0x00007fab1000e200] Threads_lock - owner thread: 0x00007fab101d4000
[0x00007fab1000e9e0] Heap_lock - owner thread: 0x00007fab10012000

Heap address: 0x0000000440000000, size: 15360 MB, Compressed Oops mode: Zero based, Oop shift amount: 3
Narrow klass base: 0x0000000800000000, Narrow klass shift: 3
Compressed class space size: 1073741824 Address: 0x0000000801125000

Heap:
 garbage-first heap   total 15728640K, used 2032K [0x0000000440000000, 0x0000000800000000)
  region size 2048K, 1 young (2048K), 1 survivors (2048K)
 Metaspace       used 207K, capacity 4486K, committed 4864K, reserved 1056768K
  class space    used 9K, capacity 386K, committed 512K, reserved 1048576K
Heap Regions: E=young(eden), S=young(survivor), O=old, HS=humongous(starts), HC=humongous(continues), CS=collection set, F=free, A=archive, TAMS=top-at-mark-start (previous, next)
|   0|0x0000000440000000, 0x0000000440000000, 0x0000000440200000|  0%| F|  |TAMS 0x0000000440000000, 0x0000000440000000| Untracked 
|   1|0x0000000440200000, 0x0000000440200000, 0x0000000440400000|  0%| F|  |TAMS 0x0000000440200000, 0x0000000440200000| Untracked 
|   2|0x0000000440400000, 0x0000000440400000, 0x0000000440600000|  0%| F|  |TAMS 0x0000000440400000, 0x0000000440400000| Untracked 
|   3|0x0000000440600000, 0x0000000440600000, 0x0000000440800000|  0%| F|  |TAMS 0x0000000440600000, 0x0000000440600000| Untracked 
|   4|0x0000000440800000, 0x0000000440800000, 0x0000000440a00000|  0%| F|  |TAMS 0x0000000440800000, 0x0000000440800000| Untracked 
|   5|0x0000000440a00000, 0x0000000440a00000, 0x0000000440c00000|  0%| F|  |TAMS 0x0000000440a00000, 0x0000000440a00000| Untracked 
|   6|0x0000000440c00000, 0x0000000440c00000, 0x0000000440e00000|  0%| F|  |TAMS 0x0000000440c00000, 0x0000000440c00000| Untracked 
|   7|0x0000000440e00000, 0x0000000440e00000, 0x0000000441000000|  0%| F|  |TAMS 0x0000000440e00000, 0x0000000440e00000| Untracked 
|   8|0x0000000441000000, 0x0000000441000000, 0x0000000441200000|  0%| F|  |TAMS 0x0000000441000000, 0x0000000441000000| Untracked 
|   9|0x0000000441200000, 0x0000000441200000, 0x0000000441400000|  0%| F|  |TAMS 0x0000000441200000, 0x0000000441200000| Untracked 
|  10|0x0000000441400000, 0x0000000441400000, 0x0000000441600000|  0%| F|  |TAMS 0x0000000441400000, 0x0000000441400000| Untracked 
|  11|0x0000000441600000, 0x0000000441600000, 0x0000000441800000|  0%| F|  |TAMS 0x0000000441600000, 0x0000000441600000| Untracked 
|  12|0x0000000441800000, 0x0000000441800000, 0x0000000441a00000|  0%| F|  |TAMS 0x0000000441800000, 0x0000000441800000| Untracked 
|  13|0x0000000441a00000, 0x0000000441a00000, 0x0000000441c00000|  0%| F|  |TAMS 0x0000000441a00000, 0x0000000441a00000| Untracked 
|  14|0x0000000441c00000, 0x0000000441c00000, 0x0000000441e00000|  0%| F|  |TAMS 0x0000000441c00000, 0x0000000441c00000| Untracked 
|  15|0x0000000441e00000, 0x0000000441e00000, 0x0000000442000000|  0%| F|  |TAMS 0x0000000441e00000, 0x0000000441e00000| Untracked 
|  16|0x0000000442000000, 0x0000000442000000, 0x0000000442200000|  0%| F|  |TAMS 0x0000000442000000, 0x0000000442000000| Untracked 
|  17|0x0000000442200000, 0x0000000442200000, 0x0000000442400000|  0%| F|  |TAMS 0x0000000442200000, 0x0000000442200000| Untracked 
|  18|0x0000000442400000, 0x0000000442400000, 0x0000000442600000|  0%| F|  |TAMS 0x0000000442400000, 0x0000000442400000| Untracked 
|  19|0x0000000442600000, 0x0000000442600000, 0x0000000442800000|  0%| F|  |TAMS 0x0000000442600000, 0x0000000442600000| Untracked 
|  20|0x0000000442800000, 0x0000000442800000, 0x0000000442a00000|  0%| F|  |TAMS 0x0000000442800000, 0x0000000442800000| Untracked 
|  21|0x0000000442a00000, 0x0000000442a00000, 0x0000000442c00000|  0%| F|  |TAMS 0x0000000442a00000, 0x0000000442a00000| Untracked 
|  22|0x0000000442c00000, 0x0000000442c00000, 0x0000000442e00000|  0%| F|  |TAMS 0x0000000442c00000, 0x0000000442c00000| Untracked 
|  23|0x0000000442e00000, 0x0000000442e00000, 0x0000000443000000|  0%| F|  |TAMS 0x0000000442e00000, 0x0000000442e00000| Untracked 
|  24|0x0000000443000000, 0x0000000443000000, 0x0000000443200000|  0%| F|  |TAMS 0x0000000443000000, 0x0000000443000000| Untracked 
|  25|0x0000000443200000, 0x0000000443200000, 0x0000000443400000|  0%| F|  |TAMS 0x0000000443200000, 0x0000000443200000| Untracked 
|  26|0x0000000443400000, 0x0000000443400000, 0x0000000443600000|  0%| F|  |TAMS 0x0000000443400000, 0x0000000443400000| Untracked 
|  27|0x0000000443600000, 0x0000000443600000, 0x0000000443800000|  0%| F|  |TAMS 0x0000000443600000, 0x0000000443600000| Untracked 
|  28|0x0000000443800000, 0x0000000443800000, 0x0000000443a00000|  0%| F|  |TAMS 0x0000000443800000, 0x0000000443800000| Untracked 
|  29|0x0000000443a00000, 0x0000000443a00000, 0x0000000443c00000|  0%| F|  |TAMS 0x0000000443a00000, 0x0000000443a00000| Untracked 
|  30|0x0000000443c00000, 0x0000000443c00000, 0x0000000443e00000|  0%| F|  |TAMS 0x0000000443c00000, 0x0000000443c00000| Untracked 
|  31|0x0000000443e00000, 0x0000000443e00000, 0x0000000444000000|  0%| F|  |TAMS 0x0000000443e00000, 0x0000000443e00000| Untracked 
|  32|0x0000000444000000, 0x0000000444000000, 0x0000000444200000|  0%| F|  |TAMS 0x0000000444000000, 0x0000000444000000| Untracked 
|  33|0x0000000444200000, 0x0000000444200000, 0x0000000444400000|  0%| F|  |TAMS 0x0000000444200000, 0x0000000444200000| Untracked 
|  34|0x0000000444400000, 0x0000000444400000, 0x0000000444600000|  0%| F|  |TAMS 0x0000000444400000, 0x0000000444400000| Untracked 
|  35|0x0000000444600000, 0x0000000444600000, 0x0000000444800000|  0%| F|  |TAMS 0x0000000444600000, 0x0000000444600000| Untracked 
|  36|0x0000000444800000, 0x0000000444800000, 0x0000000444a00000|  0%| F|  |TAMS 0x0000000444800000, 0x0000000444800000| Untracked 
|  37|0x0000000444a00000, 0x0000000444a00000, 0x0000000444c00000|  0%| F|  |TAMS 0x0000000444a00000, 0x0000000444a00000| Untracked 
|  38|0x0000000444c00000, 0x0000000444c00000, 0x0000000444e00000|  0%| F|  |TAMS 0x0000000444c00000, 0x0000000444c00000| Untracked 
|  39|0x0000000444e00000, 0x0000000444e00000, 0x0000000445000000|  0%| F|  |TAMS 0x0000000444e00000, 0x0000000444e00000| Untracked 
|  40|0x0000000445000000, 0x0000000445000000, 0x0000000445200000|  0%| F|  |TAMS 0x0000000445000000, 0x0000000445000000| Untracked 
|  41|0x0000000445200000, 0x0000000445200000, 0x0000000445400000|  0%| F|  |TAMS 0x0000000445200000, 0x0000000445200000| Untracked 
|  42|0x0000000445400000, 0x0000000445400000, 0x0000000445600000|  0%| F|  |TAMS 0x0000000445400000, 0x0000000445400000| Untracked 
|  43|0x0000000445600000, 0x0000000445600000, 0x0000000445800000|  0%| F|  |TAMS 0x0000000445600000, 0x0000000445600000| Untracked 
|  44|0x0000000445800000, 0x0000000445800000, 0x0000000445a00000|  0%| F|  |TAMS 0x0000000445800000, 0x0000000445800000| Untracked 
|  45|0x0000000445a00000, 0x0000000445a00000, 0x0000000445c00000|  0%| F|  |TAMS 0x0000000445a00000, 0x0000000445a00000| Untracked 
|  46|0x0000000445c00000, 0x0000000445c00000, 0x0000000445e00000|  0%| F|  |TAMS 0x0000000445c00000, 0x0000000445c00000| Untracked 
|  47|0x0000000445e00000, 0x0000000445e00000, 0x0000000446000000|  0%| F|  |TAMS 0x0000000445e00000, 0x0000000445e00000| Untracked 
|  48|0x0000000446000000, 0x0000000446000000, 0x0000000446200000|  0%| F|  |TAMS 0x0000000446000000, 0x0000000446000000| Untracked 
|  49|0x0000000446200000, 0x0000000446200000, 0x0000000446400000|  0%| F|  |TAMS 0x0000000446200000, 0x0000000446200000| Untracked 
|  50|0x0000000446400000, 0x0000000446400000, 0x0000000446600000|  0%| F|  |TAMS 0x0000000446400000, 0x0000000446400000| Untracked 
|  51|0x0000000446600000, 0x0000000446600000, 0x0000000446800000|  0%| F|  |TAMS 0x0000000446600000, 0x0000000446600000| Untracked 
|  52|0x0000000446800000, 0x0000000446800000, 0x0000000446a00000|  0%| F|  |TAMS 0x0000000446800000, 0x0000000446800000| Untracked 
|  53|0x0000000446a00000, 0x0000000446a00000, 0x0000000446c00000|  0%| F|  |TAMS 0x0000000446a00000, 0x0000000446a00000| Untracked 
|  54|0x0000000446c00000, 0x0000000446c00000, 0x0000000446e00000|  0%| F|  |TAMS 0x0000000446c00000, 0x0000000446c00000| Untracked 
|  55|0x0000000446e00000, 0x0000000446e00000, 0x0000000447000000|  0%| F|  |TAMS 0x0000000446e00000, 0x0000000446e00000| Untracked 
|  56|0x0000000447000000, 0x0000000447000000, 0x0000000447200000|  0%| F|  |TAMS 0x0000000447000000, 0x0000000447000000| Untracked 
|  57|0x0000000447200000, 0x0000000447200000, 0x0000000447400000|  0%| F|  |TAMS 0x0000000447200000, 0x0000000447200000| Untracked 
|  58|0x0000000447400000, 0x0000000447400000, 0x0000000447600000|  0%| F|  |TAMS 0x0000000447400000, 0x0000000447400000| Untracked 
|  59|0x0000000447600000, 0x0000000447600000, 0x0000000447800000|  0%| F|  |TAMS 0x0000000447600000, 0x0000000447600000| Untracked 
|  60|0x0000000447800000, 0x0000000447800000, 0x0000000447a00000|  0%| F|  |TAMS 0x0000000447800000, 0x0000000447800000| Untracked 
|  61|0x0000000447a00000, 0x0000000447a00000, 0x0000000447c00000|  0%| F|  |TAMS 0x0000000447a00000, 0x0000000447a00000| Untracked 
|  62|0x0000000447c00000, 0x0000000447c00000, 0x0000000447e00000|  0%| F|  |TAMS 0x0000000447c00000, 0x0000000447c00000| Untracked 
|  63|0x0000000447e00000, 0x0000000447e00000, 0x0000000448000000|  0%| F|  |TAMS 0x0000000447e00000, 0x0000000447e00000| Untracked 
|  64|0x0000000448000000, 0x0000000448000000, 0x0000000448200000|  0%| F|  |TAMS 0x0000000448000000, 0x0000000448000000| Untracked 
|  65|0x0000000448200000, 0x0000000448200000, 0x0000000448400000|  0%| F|  |TAMS 0x0000000448200000, 0x0000000448200000| Untracked 
|  66|0x0000000448400000, 0x0000000448400000, 0x0000000448600000|  0%| F|  |TAMS 0x0000000448400000, 0x0000000448400000| Untracked 
|  67|0x0000000448600000, 0x0000000448600000, 0x0000000448800000|  0%| F|  |TAMS 0x0000000448600000, 0x0000000448600000| Untracked 
|  68|0x0000000448800000, 0x0000000448800000, 0x0000000448a00000|  0%| F|  |TAMS 0x0000000448800000, 0x0000000448800000| Untracked 
|  69|0x0000000448a00000, 0x0000000448a00000, 0x0000000448c00000|  0%| F|  |TAMS 0x0000000448a00000, 0x0000000448a00000| Untracked 
|  70|0x0000000448c00000, 0x0000000448c00000, 0x0000000448e00000|  0%| F|  |TAMS 0x0000000448c00000, 0x0000000448c00000| Untracked 
|  71|0x0000000448e00000, 0x0000000448e00000, 0x0000000449000000|  0%| F|  |TAMS 0x0000000448e00000, 0x0000000448e00000| Untracked 
|  72|0x0000000449000000, 0x0000000449000000, 0x0000000449200000|  0%| F|  |TAMS 0x0000000449000000, 0x0000000449000000| Untracked 
|  73|0x0000000449200000, 0x0000000449200000, 0x0000000449400000|  0%| F|  |TAMS 0x0000000449200000, 0x0000000449200000| Untracked 
|  74|0x0000000449400000, 0x0000000449400000, 0x0000000449600000|  0%| F|  |TAMS 0x0000000449400000, 0x0000000449400000| Untracked 
|  75|0x0000000449600000, 0x0000000449600000, 0x0000000449800000|  0%| F|  |TAMS 0x0000000449600000, 0x0000000449600000| Untracked 
|  76|0x0000000449800000, 0x0000000449800000, 0x0000000449a00000|  0%| F|  |TAMS 0x0000000449800000, 0x0000000449800000| Untracked 
|  77|0x0000000449a00000, 0x0000000449a00000, 0x0000000449c00000|  0%| F|  |TAMS 0x0000000449a00000, 0x0000000449a00000| Untracked 
|  78|0x0000000449c00000, 0x0000000449c00000, 0x0000000449e00000|  0%| F|  |TAMS 0x0000000449c00000, 0x0000000449c00000| Untracked 
|  79|0x0000000449e00000, 0x0000000449e00000, 0x000000044a000000|  0%| F|  |TAMS 0x0000000449e00000, 0x0000000449e00000| Untracked 
|  80|0x000000044a000000, 0x000000044a000000, 0x000000044a200000|  0%| F|  |TAMS 0x000000044a000000, 0x000000044a000000| Untracked 
|  81|0x000000044a200000, 0x000000044a200000, 0x000000044a400000|  0%| F|  |TAMS 0x000000044a200000, 0x000000044a200000| Untracked 
|  82|0x000000044a400000, 0x000000044a400000, 0x000000044a600000|  0%| F|  |TAMS 0x000000044a400000, 0x000000044a400000| Untracked 
|  83|0x000000044a600000, 0x000000044a600000, 0x000000044a800000|  0%| F|  |TAMS 0x000000044a600000, 0x000000044a600000| Untracked 
|  84|0x000000044a800000, 0x000000044a800000, 0x000000044aa00000|  0%| F|  |TAMS 0x000000044a800000, 0x000000044a800000| Untracked 
|  85|0x000000044aa00000, 0x000000044aa00000, 0x000000044ac00000|  0%| F|  |TAMS 0x000000044aa00000, 0x000000044aa00000| Untracked 
|  86|0x000000044ac00000, 0x000000044ac00000, 0x000000044ae00000|  0%| F|  |TAMS 0x000000044ac00000, 0x000000044ac00000| Untracked 
|  87|0x000000044ae00000, 0x000000044ae00000, 0x000000044b000000|  0%| F|  |TAMS 0x000000044ae00000, 0x000000044ae00000| Untracked 
|  88|0x000000044b000000, 0x000000044b000000, 0x000000044b200000|  0%| F|  |TAMS 0x000000044b000000, 0x000000044b000000| Untracked 
|  89|0x000000044b200000, 0x000000044b200000, 0x000000044b400000|  0%| F|  |TAMS 0x000000044b200000, 0x000000044b200000| Untracked 
|  90|0x000000044b400000, 0x000000044b400000, 0x000000044b600000|  0%| F|  |TAMS 0x000000044b400000, 0x000000044b400000| Untracked 
|  91|0x000000044b600000, 0x000000044b600000, 0x000000044b800000|  0%| F|  |TAMS 0x000000044b600000, 0x000000044b600000| Untracked 
|  92|0x000000044b800000, 0x000000044b800000, 0x000000044ba00000|  0%| F|  |TAMS 0x000000044b800000, 0x000000044b800000| Untracked 
|  93|0x000000044ba00000, 0x000000044ba00000, 0x000000044bc00000|  0%| F|  |TAMS 0x000000044ba00000, 0x000000044ba00000| Untracked 
|  94|0x000000044bc00000, 0x000000044bc00000, 0x000000044be00000|  0%| F|  |TAMS 0x000000044bc00000, 0x000000044bc00000| Untracked 
|  95|0x000000044be00000, 0x000000044be00000, 0x000000044c000000|  0%| F|  |TAMS 0x000000044be00000, 0x000000044be00000| Untracked 
|  96|0x000000044c000000, 0x000000044c000000, 0x000000044c200000|  0%| F|  |TAMS 0x000000044c000000, 0x000000044c000000| Untracked 
|  97|0x000000044c200000, 0x000000044c200000, 0x000000044c400000|  0%| F|  |TAMS 0x000000044c200000, 0x000000044c200000| Untracked 
|  98|0x000000044c400000, 0x000000044c400000, 0x000000044c600000|  0%| F|  |TAMS 0x000000044c400000, 0x000000044c400000| Untracked 
|  99|0x000000044c600000, 0x000000044c600000, 0x000000044c800000|  0%| F|  |TAMS 0x000000044c600000, 0x000000044c600000| Untracked 
| 100|0x000000044c800000, 0x000000044c800000, 0x000000044ca00000|  0%| F|  |TAMS 0x000000044c800000, 0x000000044c800000| Untracked 
| 101|0x000000044ca00000, 0x000000044ca00000, 0x000000044cc00000|  0%| F|  |TAMS 0x000000044ca00000, 0x000000044ca00000| Untracked 
| 102|0x000000044cc00000, 0x000000044cc00000, 0x000000044ce00000|  0%| F|  |TAMS 0x000000044cc00000, 0x000000044cc00000| Untracked 
| 103|0x000000044ce00000, 0x000000044ce00000, 0x000000044d000000|  0%| F|  |TAMS 0x000000044ce00000, 0x000000044ce00000| Untracked 
| 104|0x000000044d000000, 0x000000044d000000, 0x000000044d200000|  0%| F|  |TAMS 0x000000044d000000, 0x000000044d000000| Untracked 
| 105|0x000000044d200000, 0x000000044d200000, 0x000000044d400000|  0%| F|  |TAMS 0x000000044d200000, 0x000000044d200000| Untracked 
| 106|0x000000044d400000, 0x000000044d400000, 0x000000044d600000|  0%| F|  |TAMS 0x000000044d400000, 0x000000044d400000| Untracked 
| 107|0x000000044d600000, 0x000000044d600000, 0x000000044d800000|  0%| F|  |TAMS 0x000000044d600000, 0x000000044d600000| Untracked 
| 108|0x000000044d800000, 0x000000044d800000, 0x000000044da00000|  0%| F|  |TAMS 0x000000044d800000, 0x000000044d800000| Untracked 
| 109|0x000000044da00000, 0x000000044da00000, 0x000000044dc00000|  0%| F|  |TAMS 0x000000044da00000, 0x000000044da00000| Untracked 
| 110|0x000000044dc00000, 0x000000044dc00000, 0x000000044de00000|  0%| F|  |TAMS 0x000000044dc00000, 0x000000044dc00000| Untracked 
| 111|0x000000044de00000, 0x000000044de00000, 0x000000044e000000|  0%| F|  |TAMS 0x000000044de00000, 0x000000044de00000| Untracked 
| 112|0x000000044e000000, 0x000000044e000000, 0x000000044e200000|  0%| F|  |TAMS 0x000000044e000000, 0x000000044e000000| Untracked 
| 113|0x000000044e200000, 0x000000044e200000, 0x000000044e400000|  0%| F|  |TAMS 0x000000044e200000, 0x000000044e200000| Untracked 
| 114|0x000000044e400000, 0x000000044e400000, 0x000000044e600000|  0%| F|  |TAMS 0x000000044e400000, 0x000000044e400000| Untracked 
| 115|0x000000044e600000, 0x000000044e600000, 0x000000044e800000|  0%| F|  |TAMS 0x000000044e600000, 0x000000044e600000| Untracked 
| 116|0x000000044e800000, 0x000000044e800000, 0x000000044ea00000|  0%| F|  |TAMS 0x000000044e800000, 0x000000044e800000| Untracked 
| 117|0x000000044ea00000, 0x000000044ea00000, 0x000000044ec00000|  0%| F|  |TAMS 0x000000044ea00000, 0x000000044ea00000| Untracked 
| 118|0x000000044ec00000, 0x000000044ec00000, 0x000000044ee00000|  0%| F|  |TAMS 0x000000044ec00000, 0x000000044ec00000| Untracked 
| 119|0x000000044ee00000, 0x000000044ee00000, 0x000000044f000000|  0%| F|  |TAMS 0x000000044ee00000, 0x000000044ee00000| Untracked 
| 120|0x000000044f000000, 0x000000044f000000, 0x000000044f200000|  0%| F|  |TAMS 0x000000044f000000, 0x000000044f000000| Untracked 
| 121|0x000000044f200000, 0x000000044f200000, 0x000000044f400000|  0%| F|  |TAMS 0x000000044f200000, 0x000000044f200000| Untracked 
| 122|0x000000044f400000, 0x000000044f400000, 0x000000044f600000|  0%| F|  |TAMS 0x000000044f400000, 0x000000044f400000| Untracked 
| 123|0x000000044f600000, 0x000000044f600000, 0x000000044f800000|  0%| F|  |TAMS 0x000000044f600000, 0x000000044f600000| Untracked 
| 124|0x000000044f800000, 0x000000044f843210, 0x000000044fa00000| 13%| S|CS|TAMS 0x000000044f800000, 0x000000044f800000| Complete 
|7678|0x00000007ffc00000, 0x00000007ffd47000, 0x00000007ffe00000| 63%|OA|  |TAMS 0x00000007ffc00000, 0x00000007ffd47000| Untracked 
|7679|0x00000007ffe00000, 0x00000007ffe72000, 0x0000000800000000| 22%|CA|  |TAMS 0x00000007ffe00000, 0x00000007ffe72000| Untracked 

Card table byte_map: [0x00007faaf4f7b000,0x00007faaf6d7b000] _byte_map_base: 0x00007faaf2d7b000

Marking Bits (Prev, Next): (CMBitMap*) 0x00007fab10086568, (CMBitMap*) 0x00007fab100865a8
 Prev Bits: [0x00007faae417b000, 0x00007faaf317b000)
 Next Bits: [0x00007faad517b000, 0x00007faae417b000)

Polling page: 0x00007fab187e4000

Metaspace:

Usage:
  Non-class:      4,00 MB capacity,   197,40 KB (  5%) used,     3,81 MB ( 95%) free+waste,   128 bytes ( <1%) overhead. 
      Class:    386,00 KB capacity,     9,77 KB (  3%) used,   376,11 KB ( 97%) free+waste,   128 bytes ( <1%) overhead. 
       Both:      4,38 MB capacity,   207,16 KB (  5%) used,     4,18 MB ( 95%) free+waste,   256 bytes ( <1%) overhead. 

Virtual space:
  Non-class space:        8,00 MB reserved,       4,25 MB ( 53%) committed 
      Class space:        1,00 GB reserved,     512,00 KB ( <1%) committed 
             Both:        1,01 GB reserved,       4,75 MB ( <1%) committed 

Chunk freelists:
   Non-Class:  0 bytes
       Class:  0 bytes
        Both:  0 bytes

CodeHeap 'non-profiled nmethods': size=120032Kb used=15Kb max_used=15Kb free=120016Kb
 bounds [0x00007fab00643000, 0x00007fab008b3000, 0x00007fab07b7b000]
CodeHeap 'profiled nmethods': size=120032Kb used=76Kb max_used=76Kb free=119955Kb
 bounds [0x00007faaf910b000, 0x00007faaf937b000, 0x00007fab00643000]
CodeHeap 'non-nmethods': size=5696Kb used=1002Kb max_used=1005Kb free=4693Kb
 bounds [0x00007faaf8b7b000, 0x00007faaf8deb000, 0x00007faaf910b000]
 total_blobs=358 nmethods=52 adapters=170
 compilation: enabled
              stopped_count=0, restarted_count=0
 full_count=0

Compilation events (10 events):
Event: 0,041 Thread 0x00007fab101e2800   48       3       java.lang.StringLatin1::charAt (28 bytes)
Event: 0,041 Thread 0x00007fab101e2800 nmethod 48 0x00007faaf911c710 code [0x00007faaf911c8e0, 0x00007faaf911cb28]
Event: 0,042 Thread 0x00007fab101e2800   49       3       java.lang.AbstractStringBuilder::ensureCapacityInternal (39 bytes)
Event: 0,042 Thread 0x00007fab101e2800 nmethod 49 0x00007faaf911cc10 code [0x00007faaf911ce00, 0x00007faaf911d2f8]
Event: 0,042 Thread 0x00007fab101e2800   50       3       java.lang.AbstractStringBuilder::isLatin1 (19 bytes)
Event: 0,042 Thread 0x00007fab101e2800 nmethod 50 0x00007faaf911d490 code [0x00007faaf911d640, 0x00007faaf911d830]
Event: 0,042 Thread 0x00007fab101e2800   51       3       java.lang.String::length (11 bytes)
Event: 0,042 Thread 0x00007fab101e2800 nmethod 51 0x00007faaf911d890 code [0x00007faaf911da40, 0x00007faaf911dc50]
Event: 0,043 Thread 0x00007fab101e2800   52       3       sun.nio.fs.UnixPath::checkNotNul (16 bytes)
Event: 0,043 Thread 0x00007fab101e2800 nmethod 52 0x00007faaf911dd10 code [0x00007faaf911dee0, 0x00007faaf911e0e8]

GC Heap History (4 events):
Event: 0,044 GC heap before
{Heap before GC invocations=0 (full 0):
 garbage-first heap   total 260096K, used 1764K [0x0000000440000000, 0x0000000800000000)
  region size 2048K, 1 young (2048K), 0 survivors (0K)
 Metaspace       used 207K, capacity 4486K, committed 4864K, reserved 1056768K
  class space    used 9K, capacity 386K, committed 512K, reserved 1048576K
}
Event: 0,049 GC heap after
{Heap after GC invocations=1 (full 0):
 garbage-first heap   total 260096K, used 2022K [0x0000000440000000, 0x0000000800000000)
  region size 2048K, 1 young (2048K), 1 survivors (2048K)
 Metaspace       used 207K, capacity 4486K, committed 4864K, reserved 1056768K
  class space    used 9K, capacity 386K, committed 512K, reserved 1048576K
}
Event: 0,050 GC heap before
{Heap before GC invocations=1 (full 0):
 garbage-first heap   total 260096K, used 2022K [0x0000000440000000, 0x0000000800000000)
  region size 2048K, 1 young (2048K), 1 survivors (2048K)
 Metaspace       used 207K, capacity 4486K, committed 4864K, reserved 1056768K
  class space    used 9K, capacity 386K, committed 512K, reserved 1048576K
}
Event: 0,053 GC heap after
{Heap after GC invocations=2 (full 0):
 garbage-first heap   total 260096K, used 2032K [0x0000000440000000, 0x0000000800000000)
  region size 2048K, 1 young (2048K), 1 survivors (2048K)
 Metaspace       used 207K, capacity 4486K, committed 4864K, reserved 1056768K
  class space    used 9K, capacity 386K, committed 512K, reserved 1048576K
}

Deoptimization events (0 events):
No events

Classes redefined (0 events):
No events

Internal exceptions (0 events):
No events

Events (10 events):
Event: 0,040 loading class java/nio/charset/CharsetDecoder done
Event: 0,040 loading class sun/nio/cs/UTF_8$Decoder done
Event: 0,040 loading class jdk/internal/loader/URLClassPath$FileLoader$1
Event: 0,041 loading class jdk/internal/loader/URLClassPath$FileLoader$1 done
Event: 0,041 Thread 0x00007fab10221000 Thread added: 0x00007fab10221000
Event: 0,041 Executing VM operation: RevokeBias
Event: 0,041 Executing VM operation: RevokeBias done
Event: 0,044 Executing VM operation: G1CollectForAllocation
Event: 0,049 Executing VM operation: G1CollectForAllocation done
Event: 0,049 Executing VM operation: G1CollectForAllocation


Dynamic libraries:
00400000-00401000 r-xp 00000000 08:01 2627575                            /opt/Javasoft/jdk-12/bin/java
00600000-00601000 r--p 00000000 08:01 2627575                            /opt/Javasoft/jdk-12/bin/java
00601000-00602000 rw-p 00001000 08:01 2627575                            /opt/Javasoft/jdk-12/bin/java
015b0000-015d1000 rw-p 00000000 00:00 0                                  [heap]
440000000-44fa00000 rw-p 00000000 00:00 0 
7ffc00000-7ffd00000 rw-p 00000000 00:00 0 
7ffd00000-7ffd47000 rw-p 01198000 08:01 2628083                          /opt/Javasoft/jdk-12/lib/server/classes.jsa
7ffd47000-7ffe00000 rw-p 00000000 00:00 0 
7ffe00000-7ffe72000 rw-p 01126000 08:01 2628083                          /opt/Javasoft/jdk-12/lib/server/classes.jsa
7ffe72000-800000000 rw-p 00000000 00:00 0 
800000000-800003000 rwxp 00001000 08:01 2628083                          /opt/Javasoft/jdk-12/lib/server/classes.jsa
800003000-8003d8000 rw-p 00004000 08:01 2628083                          /opt/Javasoft/jdk-12/lib/server/classes.jsa
8003d8000-800ae0000 r--p 003d9000 08:01 2628083                          /opt/Javasoft/jdk-12/lib/server/classes.jsa
800ae0000-800ae1000 rw-p 00ae1000 08:01 2628083                          /opt/Javasoft/jdk-12/lib/server/classes.jsa
800ae1000-801125000 r--p 00ae2000 08:01 2628083                          /opt/Javasoft/jdk-12/lib/server/classes.jsa
801125000-8011a5000 rw-p 00000000 00:00 0 
8011a5000-841125000 ---p 00000000 00:00 0 
7faa88000000-7faa88021000 rw-p 00000000 00:00 0 
7faa88021000-7faa8c000000 ---p 00000000 00:00 0 
7faa8c000000-7faa8c021000 rw-p 00000000 00:00 0 
7faa8c021000-7faa90000000 ---p 00000000 00:00 0 
7faa90000000-7faa90021000 rw-p 00000000 00:00 0 
7faa90021000-7faa94000000 ---p 00000000 00:00 0 
7faa94000000-7faa94021000 rw-p 00000000 00:00 0 
7faa94021000-7faa98000000 ---p 00000000 00:00 0 
7faa98000000-7faa98021000 rw-p 00000000 00:00 0 
7faa98021000-7faa9c000000 ---p 00000000 00:00 0 
7faa9c000000-7faa9c021000 rw-p 00000000 00:00 0 
7faa9c021000-7faaa0000000 ---p 00000000 00:00 0 
7faaa0000000-7faaa007e000 rw-p 00000000 00:00 0 
7faaa007e000-7faaa4000000 ---p 00000000 00:00 0 
7faaa4000000-7faaa4021000 rw-p 00000000 00:00 0 
7faaa4021000-7faaa8000000 ---p 00000000 00:00 0 
7faaa8000000-7faaa8021000 rw-p 00000000 00:00 0 
7faaa8021000-7faaac000000 ---p 00000000 00:00 0 
7faaac000000-7faaac06f000 rw-p 00000000 00:00 0 
7faaac06f000-7faab0000000 ---p 00000000 00:00 0 
7faab0000000-7faab0021000 rw-p 00000000 00:00 0 
7faab0021000-7faab4000000 ---p 00000000 00:00 0 
7faab4000000-7faab4021000 rw-p 00000000 00:00 0 
7faab4021000-7faab8000000 ---p 00000000 00:00 0 
7faab8000000-7faab8021000 rw-p 00000000 00:00 0 
7faab8021000-7faabc000000 ---p 00000000 00:00 0 
7faabc000000-7faabc021000 rw-p 00000000 00:00 0 
7faabc021000-7faac0000000 ---p 00000000 00:00 0 
7faac0000000-7faac0021000 rw-p 00000000 00:00 0 
7faac0021000-7faac4000000 ---p 00000000 00:00 0 
7faac4d30000-7faac50bc000 rw-p 00000000 00:00 0 
7faac50bc000-7faac50bd000 ---p 00000000 00:00 0 
7faac50bd000-7faac51be000 rw-p 00000000 00:00 0 
7faac51be000-7faac51bf000 ---p 00000000 00:00 0 
7faac51bf000-7faac52c0000 rw-p 00000000 00:00 0 
7faac52c0000-7faac52c1000 ---p 00000000 00:00 0 
7faac52c1000-7faac53c2000 rw-p 00000000 00:00 0 
7faac53c2000-7faac53d8000 r-xp 00000000 08:01 2628062                    /opt/Javasoft/jdk-12/lib/libnet.so
7faac53d8000-7faac55d8000 ---p 00016000 08:01 2628062                    /opt/Javasoft/jdk-12/lib/libnet.so
7faac55d8000-7faac55d9000 r--p 00016000 08:01 2628062                    /opt/Javasoft/jdk-12/lib/libnet.so
7faac55d9000-7faac55da000 rw-p 00017000 08:01 2628062                    /opt/Javasoft/jdk-12/lib/libnet.so
7faac55da000-7faac55eb000 r-xp 00000000 08:01 2628063                    /opt/Javasoft/jdk-12/lib/libnio.so
7faac55eb000-7faac57ea000 ---p 00011000 08:01 2628063                    /opt/Javasoft/jdk-12/lib/libnio.so
7faac57ea000-7faac57eb000 r--p 00010000 08:01 2628063                    /opt/Javasoft/jdk-12/lib/libnio.so
7faac57eb000-7faac57ec000 rw-p 00011000 08:01 2628063                    /opt/Javasoft/jdk-12/lib/libnio.so
7faac57ec000-7faac57f0000 ---p 00000000 00:00 0 
7faac57f0000-7faac58ed000 rw-p 00000000 00:00 0 
7faac58ed000-7faac58ee000 ---p 00000000 00:00 0 
7faac58ee000-7faac59ef000 rw-p 00000000 00:00 0 
7faac59ef000-7faac59f3000 ---p 00000000 00:00 0 
7faac59f3000-7faac5af0000 rw-p 00000000 00:00 0 
7faac5af0000-7faac5af4000 ---p 00000000 00:00 0 
7faac5af4000-7faac5bf1000 rw-p 00000000 00:00 0 
7faac5bf1000-7faac6000000 r--p 00000000 08:01 3152241                    /usr/lib/locale/locale-archive
7faac6000000-7faac8000000 rw-p 00000000 00:00 0 
7faac8000000-7faac8021000 rw-p 00000000 00:00 0 
7faac8021000-7faacc000000 ---p 00000000 00:00 0 
7faacc000000-7faacc021000 rw-p 00000000 00:00 0 
7faacc021000-7faad0000000 ---p 00000000 00:00 0 
7faad0000000-7faad0021000 rw-p 00000000 00:00 0 
7faad0021000-7faad4000000 ---p 00000000 00:00 0 
7faad4094000-7faad4098000 ---p 00000000 00:00 0 
7faad4098000-7faad4195000 rw-p 00000000 00:00 0 
7faad4195000-7faad4199000 ---p 00000000 00:00 0 
7faad4199000-7faad4296000 rw-p 00000000 00:00 0 
7faad4296000-7faad429a000 ---p 00000000 00:00 0 
7faad429a000-7faad4397000 rw-p 00000000 00:00 0 
7faad4397000-7faad439b000 ---p 00000000 00:00 0 
7faad439b000-7faad4498000 rw-p 00000000 00:00 0 
7faad4498000-7faad449c000 ---p 00000000 00:00 0 
7faad449c000-7faad4599000 rw-p 00000000 00:00 0 
7faad4599000-7faad459a000 ---p 00000000 00:00 0 
7faad459a000-7faad4bb7000 rw-p 00000000 00:00 0 
7faad4bb7000-7faad4f77000 ---p 00000000 00:00 0 
7faad4f77000-7faad4f78000 ---p 00000000 00:00 0 
7faad4f78000-7faad5079000 rw-p 00000000 00:00 0 
7faad5079000-7faad507a000 ---p 00000000 00:00 0 
7faad507a000-7faad5563000 rw-p 00000000 00:00 0 
7faad5563000-7faae416b000 ---p 00000000 00:00 0 
7faae416b000-7faae4563000 rw-p 00000000 00:00 0 
7faae4563000-7faaf316b000 ---p 00000000 00:00 0 
7faaf316b000-7faaf31f8000 rw-p 00000000 00:00 0 
7faaf31f8000-7faaf4f79000 ---p 00000000 00:00 0 
7faaf4f79000-7faaf4ff8000 rw-p 00000000 00:00 0 
7faaf4ff8000-7faaf6d79000 ---p 00000000 00:00 0 
7faaf6d79000-7faaf6df8000 rw-p 00000000 00:00 0 
7faaf6df8000-7faaf8b79000 ---p 00000000 00:00 0 
7faaf8b79000-7faaf8b7b000 rw-p 00000000 00:00 0 
7faaf8b7b000-7faaf8deb000 rwxp 00000000 00:00 0 
7faaf8deb000-7faaf910b000 ---p 00000000 00:00 0 
7faaf910b000-7faaf937b000 rwxp 00000000 00:00 0 
7faaf937b000-7fab00643000 ---p 00000000 00:00 0 
7fab00643000-7fab008b3000 rwxp 00000000 00:00 0 
7fab008b3000-7fab07b7b000 ---p 00000000 00:00 0 
7fab07b7b000-7fab10000000 r--s 00000000 08:01 2628073                    /opt/Javasoft/jdk-12/lib/modules
7fab10000000-7fab10228000 rw-p 00000000 00:00 0 
7fab10228000-7fab14000000 ---p 00000000 00:00 0 
7fab14002000-7fab14478000 rw-p 00000000 00:00 0 
7fab14478000-7fab14479000 ---p 00000000 00:00 0 
7fab14479000-7fab1457a000 rw-p 00000000 00:00 0 
7fab1457a000-7fab1457b000 ---p 00000000 00:00 0 
7fab1457b000-7fab1467c000 rw-p 00000000 00:00 0 
7fab1467c000-7fab1467d000 ---p 00000000 00:00 0 
7fab1467d000-7fab14c87000 rw-p 00000000 00:00 0 
7fab14c87000-7fab14d6d000 ---p 00000000 00:00 0 
7fab14d6d000-7fab14d72000 rw-p 00000000 00:00 0 
7fab14d72000-7fab14e58000 ---p 00000000 00:00 0 
7fab14e58000-7fab14e73000 r-xp 00000000 08:01 2628053                    /opt/Javasoft/jdk-12/lib/libjimage.so
7fab14e73000-7fab15072000 ---p 0001b000 08:01 2628053                    /opt/Javasoft/jdk-12/lib/libjimage.so
7fab15072000-7fab15074000 r--p 0001a000 08:01 2628053                    /opt/Javasoft/jdk-12/lib/libjimage.so
7fab15074000-7fab15075000 rw-p 0001c000 08:01 2628053                    /opt/Javasoft/jdk-12/lib/libjimage.so
7fab15075000-7fab1507c000 r-xp 00000000 08:01 2628072                    /opt/Javasoft/jdk-12/lib/libzip.so
7fab1507c000-7fab1527b000 ---p 00007000 08:01 2628072                    /opt/Javasoft/jdk-12/lib/libzip.so
7fab1527b000-7fab1527c000 r--p 00006000 08:01 2628072                    /opt/Javasoft/jdk-12/lib/libzip.so
7fab1527c000-7fab1527d000 rw-p 00007000 08:01 2628072                    /opt/Javasoft/jdk-12/lib/libzip.so
7fab1527d000-7fab15288000 r-xp 00000000 08:01 1315580                    /lib/x86_64-linux-gnu/libnss_files-2.27.so
7fab15288000-7fab15487000 ---p 0000b000 08:01 1315580                    /lib/x86_64-linux-gnu/libnss_files-2.27.so
7fab15487000-7fab15488000 r--p 0000a000 08:01 1315580                    /lib/x86_64-linux-gnu/libnss_files-2.27.so
7fab15488000-7fab15489000 rw-p 0000b000 08:01 1315580                    /lib/x86_64-linux-gnu/libnss_files-2.27.so
7fab15489000-7fab1548f000 rw-p 00000000 00:00 0 
7fab1548f000-7fab154a6000 r-xp 00000000 08:01 1315574                    /lib/x86_64-linux-gnu/libnsl-2.27.so
7fab154a6000-7fab156a5000 ---p 00017000 08:01 1315574                    /lib/x86_64-linux-gnu/libnsl-2.27.so
7fab156a5000-7fab156a6000 r--p 00016000 08:01 1315574                    /lib/x86_64-linux-gnu/libnsl-2.27.so
7fab156a6000-7fab156a7000 rw-p 00017000 08:01 1315574                    /lib/x86_64-linux-gnu/libnsl-2.27.so
7fab156a7000-7fab156a9000 rw-p 00000000 00:00 0 
7fab156a9000-7fab156b4000 r-xp 00000000 08:01 1315591                    /lib/x86_64-linux-gnu/libnss_nis-2.27.so
7fab156b4000-7fab158b3000 ---p 0000b000 08:01 1315591                    /lib/x86_64-linux-gnu/libnss_nis-2.27.so
7fab158b3000-7fab158b4000 r--p 0000a000 08:01 1315591                    /lib/x86_64-linux-gnu/libnss_nis-2.27.so
7fab158b4000-7fab158b5000 rw-p 0000b000 08:01 1315591                    /lib/x86_64-linux-gnu/libnss_nis-2.27.so
7fab158b5000-7fab158bd000 r-xp 00000000 08:01 1315576                    /lib/x86_64-linux-gnu/libnss_compat-2.27.so
7fab158bd000-7fab15abd000 ---p 00008000 08:01 1315576                    /lib/x86_64-linux-gnu/libnss_compat-2.27.so
7fab15abd000-7fab15abe000 r--p 00008000 08:01 1315576                    /lib/x86_64-linux-gnu/libnss_compat-2.27.so
7fab15abe000-7fab15abf000 rw-p 00009000 08:01 1315576                    /lib/x86_64-linux-gnu/libnss_compat-2.27.so
7fab15abf000-7fab15ae7000 r-xp 00000000 08:01 2628049                    /opt/Javasoft/jdk-12/lib/libjava.so
7fab15ae7000-7fab15ce6000 ---p 00028000 08:01 2628049                    /opt/Javasoft/jdk-12/lib/libjava.so
7fab15ce6000-7fab15ce7000 r--p 00027000 08:01 2628049                    /opt/Javasoft/jdk-12/lib/libjava.so
7fab15ce7000-7fab15ce9000 rw-p 00028000 08:01 2628049                    /opt/Javasoft/jdk-12/lib/libjava.so
7fab15ce9000-7fab15cf6000 r-xp 00000000 08:01 2628071                    /opt/Javasoft/jdk-12/lib/libverify.so
7fab15cf6000-7fab15ef5000 ---p 0000d000 08:01 2628071                    /opt/Javasoft/jdk-12/lib/libverify.so
7fab15ef5000-7fab15ef7000 r--p 0000c000 08:01 2628071                    /opt/Javasoft/jdk-12/lib/libverify.so
7fab15ef7000-7fab15ef8000 rw-p 0000e000 08:01 2628071                    /opt/Javasoft/jdk-12/lib/libverify.so
7fab15ef8000-7fab15eff000 r-xp 00000000 08:01 1315631                    /lib/x86_64-linux-gnu/librt-2.27.so
7fab15eff000-7fab160fe000 ---p 00007000 08:01 1315631                    /lib/x86_64-linux-gnu/librt-2.27.so
7fab160fe000-7fab160ff000 r--p 00006000 08:01 1315631                    /lib/x86_64-linux-gnu/librt-2.27.so
7fab160ff000-7fab16100000 rw-p 00007000 08:01 1315631                    /lib/x86_64-linux-gnu/librt-2.27.so
7fab16100000-7fab1629d000 r-xp 00000000 08:01 1315553                    /lib/x86_64-linux-gnu/libm-2.27.so
7fab1629d000-7fab1649c000 ---p 0019d000 08:01 1315553                    /lib/x86_64-linux-gnu/libm-2.27.so
7fab1649c000-7fab1649d000 r--p 0019c000 08:01 1315553                    /lib/x86_64-linux-gnu/libm-2.27.so
7fab1649d000-7fab1649e000 rw-p 0019d000 08:01 1315553                    /lib/x86_64-linux-gnu/libm-2.27.so
7fab1649e000-7fab17601000 r-xp 00000000 08:01 2628085                    /opt/Javasoft/jdk-12/lib/server/libjvm.so
7fab17601000-7fab17801000 ---p 01163000 08:01 2628085                    /opt/Javasoft/jdk-12/lib/server/libjvm.so
7fab17801000-7fab178c2000 r--p 01163000 08:01 2628085                    /opt/Javasoft/jdk-12/lib/server/libjvm.so
7fab178c2000-7fab178fb000 rw-p 01224000 08:01 2628085                    /opt/Javasoft/jdk-12/lib/server/libjvm.so
7fab178fb000-7fab1797e000 rw-p 00000000 00:00 0 
7fab1797e000-7fab17b65000 r-xp 00000000 08:01 1315490                    /lib/x86_64-linux-gnu/libc-2.27.so
7fab17b65000-7fab17d65000 ---p 001e7000 08:01 1315490                    /lib/x86_64-linux-gnu/libc-2.27.so
7fab17d65000-7fab17d69000 r--p 001e7000 08:01 1315490                    /lib/x86_64-linux-gnu/libc-2.27.so
7fab17d69000-7fab17d6b000 rw-p 001eb000 08:01 1315490                    /lib/x86_64-linux-gnu/libc-2.27.so
7fab17d6b000-7fab17d6f000 rw-p 00000000 00:00 0 
7fab17d6f000-7fab17d72000 r-xp 00000000 08:01 1315513                    /lib/x86_64-linux-gnu/libdl-2.27.so
7fab17d72000-7fab17f71000 ---p 00003000 08:01 1315513                    /lib/x86_64-linux-gnu/libdl-2.27.so
7fab17f71000-7fab17f72000 r--p 00002000 08:01 1315513                    /lib/x86_64-linux-gnu/libdl-2.27.so
7fab17f72000-7fab17f73000 rw-p 00003000 08:01 1315513                    /lib/x86_64-linux-gnu/libdl-2.27.so
7fab17f73000-7fab17f8d000 r-xp 00000000 08:01 1315623                    /lib/x86_64-linux-gnu/libpthread-2.27.so
7fab17f8d000-7fab1818c000 ---p 0001a000 08:01 1315623                    /lib/x86_64-linux-gnu/libpthread-2.27.so
7fab1818c000-7fab1818d000 r--p 00019000 08:01 1315623                    /lib/x86_64-linux-gnu/libpthread-2.27.so
7fab1818d000-7fab1818e000 rw-p 0001a000 08:01 1315623                    /lib/x86_64-linux-gnu/libpthread-2.27.so
7fab1818e000-7fab18192000 rw-p 00000000 00:00 0 
7fab18192000-7fab181a2000 r-xp 00000000 08:01 2628054                    /opt/Javasoft/jdk-12/lib/libjli.so
7fab181a2000-7fab183a1000 ---p 00010000 08:01 2628054                    /opt/Javasoft/jdk-12/lib/libjli.so
7fab183a1000-7fab183a2000 r--p 0000f000 08:01 2628054                    /opt/Javasoft/jdk-12/lib/libjli.so
7fab183a2000-7fab183a3000 rw-p 00010000 08:01 2628054                    /opt/Javasoft/jdk-12/lib/libjli.so
7fab183a3000-7fab183bf000 r-xp 00000000 08:01 1315664                    /lib/x86_64-linux-gnu/libz.so.1.2.11
7fab183bf000-7fab185be000 ---p 0001c000 08:01 1315664                    /lib/x86_64-linux-gnu/libz.so.1.2.11
7fab185be000-7fab185bf000 r--p 0001b000 08:01 1315664                    /lib/x86_64-linux-gnu/libz.so.1.2.11
7fab185bf000-7fab185c0000 rw-p 0001c000 08:01 1315664                    /lib/x86_64-linux-gnu/libz.so.1.2.11
7fab185c0000-7fab185e7000 r-xp 00000000 08:01 1315462                    /lib/x86_64-linux-gnu/ld-2.27.so
7fab1860c000-7fab186c7000 rw-p 00000000 00:00 0 
7fab186c7000-7fab186cb000 ---p 00000000 00:00 0 
7fab186cb000-7fab187cc000 rw-p 00000000 00:00 0 
7fab187d0000-7fab187d5000 rw-p 00000000 00:00 0 
7fab187d5000-7fab187dc000 ---p 00000000 00:00 0 
7fab187dc000-7fab187e4000 rw-s 00000000 00:2e 42                         /tmp/hsperfdata_kongra/22414
7fab187e4000-7fab187e5000 ---p 00000000 00:00 0 
7fab187e5000-7fab187e6000 r--p 00000000 00:00 0 
7fab187e6000-7fab187e7000 ---p 00000000 00:00 0 
7fab187e7000-7fab187e8000 r--p 00027000 08:01 1315462                    /lib/x86_64-linux-gnu/ld-2.27.so
7fab187e8000-7fab187e9000 rw-p 00028000 08:01 1315462                    /lib/x86_64-linux-gnu/ld-2.27.so
7fab187e9000-7fab187ea000 rw-p 00000000 00:00 0 
7ffc41fc8000-7ffc41fea000 rw-p 00000000 00:00 0                          [stack]
7ffc41ff3000-7ffc41ff6000 r--p 00000000 00:00 0                          [vvar]
7ffc41ff6000-7ffc41ff8000 r-xp 00000000 00:00 0                          [vdso]
ffffffffff600000-ffffffffff601000 r-xp 00000000 00:00 0                  [vsyscall]


VM Arguments:
jvm_args: -Xmx15G 
java_command: Test
java_class_path (initial): .
Launcher Type: SUN_STANDARD

[Global flags]
     intx CICompilerCount                          = 3                                         {product} {ergonomic}
     uint ConcGCThreads                            = 1                                         {product} {ergonomic}
     uint G1ConcRefinementThreads                  = 4                                         {product} {ergonomic}
   size_t G1HeapRegionSize                         = 2097152                                   {product} {ergonomic}
    uintx GCDrainStackTargetSize                   = 64                                        {product} {ergonomic}
   size_t InitialHeapSize                          = 262144000                                 {product} {ergonomic}
   size_t MarkStackSize                            = 4194304                                   {product} {ergonomic}
   size_t MaxHeapSize                              = 16106127360                               {product} {command line}
   size_t MaxNewSize                               = 9663676416                                {product} {ergonomic}
   size_t MinHeapDeltaBytes                        = 2097152                                   {product} {ergonomic}
    uintx NonNMethodCodeHeapSize                   = 5830732                                {pd product} {ergonomic}
    uintx NonProfiledCodeHeapSize                  = 122913754                              {pd product} {ergonomic}
    uintx ProfiledCodeHeapSize                     = 122913754                              {pd product} {ergonomic}
    uintx ReservedCodeCacheSize                    = 251658240                              {pd product} {ergonomic}
     bool SegmentedCodeCache                       = true                                      {product} {ergonomic}
     bool UseCompressedClassPointers               = true                                 {lp64_product} {ergonomic}
     bool UseCompressedOops                        = true                                 {lp64_product} {ergonomic}
     bool UseG1GC                                  = true                                      {product} {ergonomic}

Logging:
Log output configuration:
 #0: stdout all=warning uptime,level,tags
 #1: stderr all=off uptime,level,tags

Environment Variables:
JAVA_HOME=/home/kongra/Javasoft/jdk
PATH=/home/kongra/Cppsoft/clang/bin:/home/kongra/Adasoft/GNAT/current/bin:/home/kongra/Javasoft/jdk/bin:.:/home/kongra/bin:/usr/local/sbin:/usr/local/bin:/usr/sbin:/usr/bin:/sbin:/bin:/usr/games:/usr/local/games:/home/kongra/.local/bin:/home/kongra/Javasoft/ant/bin:/home/kongra/Javasoft/apache-maven/bin:/home/kongra/Devel/Libs/cmake/bin:/home/kongra/Mathematica/8.0/bin:/home/kongra/.composer/vendor/bin:/home/kongra/.cargo/bin:/home/kongra/node_modules/.bin:/home/kongra/node_modules/elm_format/bin:/home/kongra/node_modules/elm_oracle/bin
SHELL=/usr/bin/zsh
DISPLAY=:0

Signal Handlers:
SIGSEGV: [libjvm.so+0xe44ea0], sa_mask[0]=11111111011111111101111111111110, sa_flags=SA_RESTART|SA_SIGINFO
SIGBUS: [libjvm.so+0xe44ea0], sa_mask[0]=11111111011111111101111111111110, sa_flags=SA_RESTART|SA_SIGINFO
SIGFPE: [libjvm.so+0xe44ea0], sa_mask[0]=11111111011111111101111111111110, sa_flags=SA_RESTART|SA_SIGINFO
SIGPIPE: [libjvm.so+0xbf4390], sa_mask[0]=11111111011111111101111111111110, sa_flags=SA_RESTART|SA_SIGINFO
SIGXFSZ: [libjvm.so+0xbf4390], sa_mask[0]=11111111011111111101111111111110, sa_flags=SA_RESTART|SA_SIGINFO
SIGILL: [libjvm.so+0xe44ea0], sa_mask[0]=11111111011111111101111111111110, sa_flags=SA_RESTART|SA_SIGINFO
SIGUSR2: [libjvm.so+0xbf4230], sa_mask[0]=00000000000000000000000000000000, sa_flags=SA_RESTART|SA_SIGINFO
SIGHUP: [libjvm.so+0xbf4590], sa_mask[0]=11111111011111111101111111111110, sa_flags=SA_RESTART|SA_SIGINFO
SIGINT: [libjvm.so+0xbf4590], sa_mask[0]=11111111011111111101111111111110, sa_flags=SA_RESTART|SA_SIGINFO
SIGTERM: [libjvm.so+0xbf4590], sa_mask[0]=11111111011111111101111111111110, sa_flags=SA_RESTART|SA_SIGINFO
SIGQUIT: [libjvm.so+0xbf4590], sa_mask[0]=11111111011111111101111111111110, sa_flags=SA_RESTART|SA_SIGINFO


---------------  S Y S T E M  ---------------

OS:DISTRIB_ID=LinuxMint
DISTRIB_RELEASE=19.1
DISTRIB_CODENAME=tessa
DISTRIB_DESCRIPTION="Linux Mint 19.1 Tessa"
uname:Linux 4.15.0-46-generic #49-Ubuntu SMP Wed Feb 6 09:33:07 UTC 2019 x86_64
libc:glibc 2.27 NPTL 2.27 
rlimit: STACK 8192k, CORE 0k, NPROC 63467, NOFILE 4096, AS infinity, DATA infinity, FSIZE infinity
load average:3,54 3,71 3,95

/proc/meminfo:
MemTotal:       16312176 kB
MemFree:         8221772 kB
MemAvailable:   12467672 kB
Buffers:          127984 kB
Cached:          4520756 kB
SwapCached:            0 kB
Active:          3904512 kB
Inactive:        3818164 kB
Active(anon):    3069388 kB
Inactive(anon):   239848 kB
Active(file):     835124 kB
Inactive(file):  3578316 kB
Unevictable:          32 kB
Mlocked:              32 kB
SwapTotal:       2097148 kB
SwapFree:        2097148 kB
Dirty:               144 kB
Writeback:             0 kB
AnonPages:       3074196 kB
Mapped:           641164 kB
Shmem:            235308 kB
Slab:             219744 kB
SReclaimable:     172748 kB
SUnreclaim:        46996 kB
KernelStack:       10352 kB
PageTables:        44324 kB
NFS_Unstable:          0 kB
Bounce:                0 kB
WritebackTmp:          0 kB
CommitLimit:    10253236 kB
Committed_AS:    7454676 kB
VmallocTotal:   34359738367 kB
VmallocUsed:           0 kB
VmallocChunk:          0 kB
HardwareCorrupted:     0 kB
AnonHugePages:     14336 kB
ShmemHugePages:        0 kB
ShmemPmdMapped:        0 kB
CmaTotal:              0 kB
CmaFree:               0 kB
HugePages_Total:       0
HugePages_Free:        0
HugePages_Rsvd:        0
HugePages_Surp:        0
Hugepagesize:       2048 kB
DirectMap4k:      181760 kB
DirectMap2M:     7047168 kB
DirectMap1G:     9437184 kB


/proc/sys/kernel/threads-max (system-wide limit on the number of threads):
126935


/proc/sys/vm/max_map_count (maximum number of memory map areas a process may have):
65530


/proc/sys/kernel/pid_max (system-wide limit on number of process identifiers):
32768



container (cgroup) information:
container_type: cgroupv1
cpu_cpuset_cpus: 0-3
cpu_memory_nodes: 0
active_processor_count: 4
cpu_quota: -1
cpu_period: 100000
cpu_shares: -1
memory_limit_in_bytes: -1
memory_and_swap_limit_in_bytes: -2
memory_soft_limit_in_bytes: -1
memory_usage_in_bytes: 7908786176
memory_max_usage_in_bytes: 0


CPU:total 4 (initial active 4) (2 cores per cpu, 2 threads per core) family 6 model 61 stepping 4, cmov, cx8, fxsr, mmx, sse, sse2, sse3, ssse3, sse4.1, sse4.2, popcnt, avx, avx2, aes, clmul, erms, 3dnowpref, lzcnt, ht, tsc, tscinvbit, bmi1, bmi2, adx, fma
CPU Model and flags from /proc/cpuinfo:
model name	: Intel(R) Core(TM) i7-5500U CPU @ 2.40GHz
flags		: fpu vme de pse tsc msr pae mce cx8 apic sep mtrr pge mca cmov pat pse36 clflush dts acpi mmx fxsr sse sse2 ss ht tm pbe syscall nx pdpe1gb rdtscp lm constant_tsc arch_perfmon pebs bts rep_good nopl xtopology nonstop_tsc cpuid aperfmperf pni pclmulqdq dtes64 monitor ds_cpl vmx est tm2 ssse3 sdbg fma cx16 xtpr pdcm pcid sse4_1 sse4_2 x2apic movbe popcnt tsc_deadline_timer aes xsave avx f16c rdrand lahf_lm abm 3dnowprefetch cpuid_fault epb invpcid_single pti ssbd ibrs ibpb stibp tpr_shadow vnmi flexpriority ept vpid fsgsbase tsc_adjust bmi1 avx2 smep bmi2 erms invpcid rdseed adx smap intel_pt xsaveopt dtherm ida arat pln pts flush_l1d

Memory: 4k page, physical 16312176k(8221772k free), swap 2097148k(2097148k free)

vm_info: OpenJDK 64-Bit Server VM (12+33) for linux-amd64 JRE (12+33), built on Feb 20 2019 18:26:14 by "mach5one" with gcc 7.3.0

END.
